C:\USERS\YUKI NAGAOKA\DESKTOP\CL12 CP11\BUTTON表示\DEBUG\MAIN.OBJ
C:\USERS\YUKI NAGAOKA\DESKTOP\CL12 CP11\BUTTON表示\DEBUG\SAMPLEDEBUG.EXE.EMBED.MANIFEST.RES
C:\USERS\YUKI NAGAOKA\DESKTOP\CL12 CP11\BUTTON表示\DEBUG\SAMPLEDEBUG.EXE.INTERMEDIATE.MANIFEST
C:\USERS\YUKI NAGAOKA\DESKTOP\CL12 CP11\BUTTON表示\DEBUG\VC100.PDB
C:\USERS\YUKI NAGAOKA\DESKTOP\CL12 CP11\BUTTON表示\SAMPLEDEBUG.EXE
C:\USERS\YUKI NAGAOKA\DESKTOP\CL12 CP11\BUTTON表示\SAMPLEDEBUG.ILK
C:\USERS\YUKI NAGAOKA\DESKTOP\CL12 CP11\BUTTON表示\SAMPLEDEBUG.PDB
C:\USERS\YUKI NAGAOKA\DESKTOP\CL12 CP11\EDIT\DEBUG\MAIN.OBJ
C:\USERS\YUKI NAGAOKA\DESKTOP\CL12 CP11\EDIT\DEBUG\SAMPLEDEBUG.EXE.EMBED.MANIFEST.RES
C:\USERS\YUKI NAGAOKA\DESKTOP\CL12 CP11\EDIT\DEBUG\SAMPLEDEBUG.EXE.INTERMEDIATE.MANIFEST
C:\USERS\YUKI NAGAOKA\DESKTOP\CL12 CP11\EDIT\DEBUG\VC100.PDB
C:\USERS\YUKI NAGAOKA\DESKTOP\CL12 CP11\EDIT\SAMPLEDEBUG.EXE
C:\USERS\YUKI NAGAOKA\DESKTOP\CL12 CP11\EDIT\SAMPLEDEBUG.ILK
C:\USERS\YUKI NAGAOKA\DESKTOP\CL12 CP11\EDIT\SAMPLEDEBUG.PDB
C:\USERS\YUKI NAGAOKA\DESKTOP\CL12 CP11\SAMPLE\DEBUG\MAIN.OBJ
C:\USERS\YUKI NAGAOKA\DESKTOP\CL12 CP11\SAMPLE\DEBUG\SAMPLEDEBUG.EXE.EMBED.MANIFEST
C:\USERS\YUKI NAGAOKA\DESKTOP\CL12 CP11\SAMPLE\DEBUG\SAMPLEDEBUG.EXE.EMBED.MANIFEST.RES
C:\USERS\YUKI NAGAOKA\DESKTOP\CL12 CP11\SAMPLE\DEBUG\SAMPLEDEBUG.EXE.INTERMEDIATE.MANIFEST
C:\USERS\YUKI NAGAOKA\DESKTOP\CL12 CP11\SAMPLE\DEBUG\VC100.PDB
C:\USERS\YUKI NAGAOKA\DESKTOP\CL12 CP11\SAMPLE\SAMPLEDEBUG.EXE
C:\USERS\YUKI NAGAOKA\DESKTOP\CL12 CP11\SAMPLE\SAMPLEDEBUG.ILK
C:\USERS\YUKI NAGAOKA\DESKTOP\CL12 CP11\SAMPLE\SAMPLEDEBUG.PDB
C:\USERS\YUKI NAGAOKA\DESKTOP\DX21\EDIT\DEBUG\MAIN.OBJ
C:\USERS\YUKI NAGAOKA\DESKTOP\DX21\EDIT\DEBUG\SAMPLEDEBUG.EXE.EMBED.MANIFEST.RES
C:\USERS\YUKI NAGAOKA\DESKTOP\DX21\EDIT\DEBUG\SAMPLEDEBUG.EXE.INTERMEDIATE.MANIFEST
C:\USERS\YUKI NAGAOKA\DESKTOP\DX21\EDIT\DEBUG\VC100.PDB
C:\USERS\YUKI NAGAOKA\DESKTOP\DX21\EDIT\SAMPLEDEBUG.EXE
C:\USERS\YUKI NAGAOKA\DESKTOP\DX21\EDIT\SAMPLEDEBUG.ILK
C:\USERS\YUKI NAGAOKA\DESKTOP\DX21\EDIT\SAMPLEDEBUG.PDB
C:\USERS\YUKI NAGAOKA\DESKTOP\DX21\ポリゴン\DEBUG\MAIN.OBJ
C:\USERS\YUKI NAGAOKA\DESKTOP\DX21\ポリゴン\DEBUG\SAMPLEDEBUG.EXE.EMBED.MANIFEST.RES
C:\USERS\YUKI NAGAOKA\DESKTOP\DX21\ポリゴン\DEBUG\SAMPLEDEBUG.EXE.INTERMEDIATE.MANIFEST
C:\USERS\YUKI NAGAOKA\DESKTOP\DX21\ポリゴン\DEBUG\VC100.PDB
C:\USERS\YUKI NAGAOKA\DESKTOP\DX21\ポリゴン\SAMPLEDEBUG.EXE
C:\USERS\YUKI NAGAOKA\DESKTOP\DX21\ポリゴン\SAMPLEDEBUG.ILK
C:\USERS\YUKI NAGAOKA\DESKTOP\DX21\ポリゴン\SAMPLEDEBUG.PDB
C:\USERS\YUKI NAGAOKA\DESKTOP\二年\DX21\ポリゴン\DEBUG\MAIN.OBJ
C:\USERS\YUKI NAGAOKA\DESKTOP\二年\DX21\ポリゴン\DEBUG\SAMPLEDEBUG.EXE.EMBED.MANIFEST.RES
C:\USERS\YUKI NAGAOKA\DESKTOP\二年\DX21\ポリゴン\DEBUG\SAMPLEDEBUG.EXE.INTERMEDIATE.MANIFEST
C:\USERS\YUKI NAGAOKA\DESKTOP\二年\DX21\ポリゴン\DEBUG\VC100.PDB
C:\USERS\YUKI NAGAOKA\DESKTOP\二年\DX21\ポリゴン\SAMPLEDEBUG.EXE
C:\USERS\YUKI NAGAOKA\DESKTOP\二年\DX21\ポリゴン\SAMPLEDEBUG.ILK
C:\USERS\YUKI NAGAOKA\DESKTOP\二年\DX21\ポリゴン\SAMPLEDEBUG.PDB
C:\USERS\YUKIN\DESKTOP\NAGAOKA YUKI\3年\GM31\2017_04_19_GM31_2D_CLASS - コピー - コピー\DEBUG\MAIN.OBJ
C:\USERS\YUKIN\DESKTOP\NAGAOKA YUKI\3年\GM31\2017_04_19_GM31_2D_CLASS - コピー - コピー\DEBUG\MODEL.OBJ
C:\USERS\YUKIN\DESKTOP\NAGAOKA YUKI\3年\GM31\2017_04_19_GM31_2D_CLASS - コピー - コピー\DEBUG\SAMPLEDEBUG.EXE.EMBED.MANIFEST.RES
C:\USERS\YUKIN\DESKTOP\NAGAOKA YUKI\3年\GM31\2017_04_19_GM31_2D_CLASS - コピー - コピー\DEBUG\SAMPLEDEBUG.EXE.INTERMEDIATE.MANIFEST
C:\USERS\YUKIN\DESKTOP\NAGAOKA YUKI\3年\GM31\2017_04_19_GM31_2D_CLASS - コピー - コピー\DEBUG\SCENE.OBJ
C:\USERS\YUKIN\DESKTOP\NAGAOKA YUKI\3年\GM31\2017_04_19_GM31_2D_CLASS - コピー - コピー\DEBUG\SCENE2D.OBJ
C:\USERS\YUKIN\DESKTOP\NAGAOKA YUKI\3年\GM31\2017_04_19_GM31_2D_CLASS - コピー - コピー\DEBUG\SCENE3D.OBJ
C:\USERS\YUKIN\DESKTOP\NAGAOKA YUKI\3年\GM31\2017_04_19_GM31_2D_CLASS - コピー - コピー\DEBUG\VC100.PDB
C:\USERS\YUKIN\DESKTOP\NAGAOKA YUKI\3年\GM31\2017_04_19_GM31_2D_CLASS - コピー - コピー\SAMPLEDEBUG.EXE
C:\USERS\YUKIN\DESKTOP\NAGAOKA YUKI\3年\GM31\2017_04_19_GM31_2D_CLASS - コピー - コピー\SAMPLEDEBUG.ILK
C:\USERS\YUKIN\DESKTOP\NAGAOKA YUKI\3年\GM31\2017_04_19_GM31_2D_CLASS - コピー - コピー\SAMPLEDEBUG.PDB
C:\USERS\YUKIN\DESKTOP\NAGAOKA YUKI\3年\GM31\2017_04_19_GM31_2D_CLASS - コピー\DEBUG\MAIN.OBJ
C:\USERS\YUKIN\DESKTOP\NAGAOKA YUKI\3年\GM31\2017_04_19_GM31_2D_CLASS - コピー\DEBUG\MODEL.OBJ
C:\USERS\YUKIN\DESKTOP\NAGAOKA YUKI\3年\GM31\2017_04_19_GM31_2D_CLASS - コピー\DEBUG\SAMPLEDEBUG.EXE.EMBED.MANIFEST.RES
C:\USERS\YUKIN\DESKTOP\NAGAOKA YUKI\3年\GM31\2017_04_19_GM31_2D_CLASS - コピー\DEBUG\SAMPLEDEBUG.EXE.INTERMEDIATE.MANIFEST
C:\USERS\YUKIN\DESKTOP\NAGAOKA YUKI\3年\GM31\2017_04_19_GM31_2D_CLASS - コピー\DEBUG\SCENE2D.OBJ
C:\USERS\YUKIN\DESKTOP\NAGAOKA YUKI\3年\GM31\2017_04_19_GM31_2D_CLASS - コピー\DEBUG\SCENE3D.OBJ
C:\USERS\YUKIN\DESKTOP\NAGAOKA YUKI\3年\GM31\2017_04_19_GM31_2D_CLASS - コピー\DEBUG\VC100.PDB
C:\USERS\YUKIN\DESKTOP\NAGAOKA YUKI\3年\GM31\2017_04_19_GM31_2D_CLASS - コピー\SAMPLEDEBUG.EXE
C:\USERS\YUKIN\DESKTOP\NAGAOKA YUKI\3年\GM31\2017_04_19_GM31_2D_CLASS - コピー\SAMPLEDEBUG.ILK
C:\USERS\YUKIN\DESKTOP\NAGAOKA YUKI\3年\GM31\2017_04_19_GM31_2D_CLASS - コピー\SAMPLEDEBUG.PDB
C:\USERS\YUKIN\DESKTOP\NAGAOKA YUKI\3年\GM31\2017_04_19_GM31_2D_CLASS\DEBUG\MAIN.OBJ
C:\USERS\YUKIN\DESKTOP\NAGAOKA YUKI\3年\GM31\2017_04_19_GM31_2D_CLASS\DEBUG\SAMPLEDEBUG.EXE.EMBED.MANIFEST.RES
C:\USERS\YUKIN\DESKTOP\NAGAOKA YUKI\3年\GM31\2017_04_19_GM31_2D_CLASS\DEBUG\SAMPLEDEBUG.EXE.INTERMEDIATE.MANIFEST
C:\USERS\YUKIN\DESKTOP\NAGAOKA YUKI\3年\GM31\2017_04_19_GM31_2D_CLASS\DEBUG\SCENE2D.OBJ
C:\USERS\YUKIN\DESKTOP\NAGAOKA YUKI\3年\GM31\2017_04_19_GM31_2D_CLASS\DEBUG\VC100.PDB
C:\USERS\YUKIN\DESKTOP\NAGAOKA YUKI\3年\GM31\2017_04_19_GM31_2D_CLASS\SAMPLEDEBUG.EXE
C:\USERS\YUKIN\DESKTOP\NAGAOKA YUKI\3年\GM31\2017_04_19_GM31_2D_CLASS\SAMPLEDEBUG.ILK
C:\USERS\YUKIN\DESKTOP\NAGAOKA YUKI\3年\GM31\2017_04_19_GM31_2D_CLASS\SAMPLEDEBUG.PDB
C:\USERS\YUKIN\DESKTOP\NAGAOKA YUKI\3年\GM31\2017_04_19_GM31_CLASS\DEBUG\MAIN.OBJ
C:\USERS\YUKIN\DESKTOP\NAGAOKA YUKI\3年\GM31\2017_04_19_GM31_CLASS\DEBUG\SAMPLEDEBUG.EXE.EMBED.MANIFEST.RES
C:\USERS\YUKIN\DESKTOP\NAGAOKA YUKI\3年\GM31\2017_04_19_GM31_CLASS\DEBUG\SAMPLEDEBUG.EXE.INTERMEDIATE.MANIFEST
C:\USERS\YUKIN\DESKTOP\NAGAOKA YUKI\3年\GM31\2017_04_19_GM31_CLASS\DEBUG\SCENE2D.OBJ
C:\USERS\YUKIN\DESKTOP\NAGAOKA YUKI\3年\GM31\2017_04_19_GM31_CLASS\DEBUG\VC100.PDB
C:\USERS\YUKIN\DESKTOP\NAGAOKA YUKI\3年\GM31\2017_04_19_GM31_CLASS\SAMPLEDEBUG.EXE
C:\USERS\YUKIN\DESKTOP\NAGAOKA YUKI\3年\GM31\2017_04_19_GM31_CLASS\SAMPLEDEBUG.ILK
C:\USERS\YUKIN\DESKTOP\NAGAOKA YUKI\3年\GM31\2017_04_19_GM31_CLASS\SAMPLEDEBUG.PDB
C:\USERS\YUKIN\DESKTOP\NAGAOKA YUKI\3年\GM31\2017_04_19_GM31\DEBUG\MAIN.OBJ
C:\USERS\YUKIN\DESKTOP\NAGAOKA YUKI\3年\GM31\2017_04_19_GM31\DEBUG\SAMPLEDEBUG.EXE.EMBED.MANIFEST
C:\USERS\YUKIN\DESKTOP\NAGAOKA YUKI\3年\GM31\2017_04_19_GM31\DEBUG\SAMPLEDEBUG.EXE.EMBED.MANIFEST.RES
C:\USERS\YUKIN\DESKTOP\NAGAOKA YUKI\3年\GM31\2017_04_19_GM31\DEBUG\SAMPLEDEBUG.EXE.INTERMEDIATE.MANIFEST
C:\USERS\YUKIN\DESKTOP\NAGAOKA YUKI\3年\GM31\2017_04_19_GM31\DEBUG\VC100.PDB
C:\USERS\YUKIN\DESKTOP\NAGAOKA YUKI\3年\GM31\2017_04_19_GM31\SAMPLEDEBUG.EXE
C:\USERS\YUKIN\DESKTOP\NAGAOKA YUKI\3年\GM31\2017_04_19_GM31\SAMPLEDEBUG.ILK
C:\USERS\YUKIN\DESKTOP\NAGAOKA YUKI\3年\GM31\2017_04_19_GM31\SAMPLEDEBUG.PDB
C:\USERS\YUKIN\DESKTOP\NAGAOKA YUKI\3年\GM31\2017_04_26_GM31_FIELD_CLASS\DEBUG\CAMERA.OBJ
C:\USERS\YUKIN\DESKTOP\NAGAOKA YUKI\3年\GM31\2017_04_26_GM31_FIELD_CLASS\DEBUG\LIGHT.OBJ
C:\USERS\YUKIN\DESKTOP\NAGAOKA YUKI\3年\GM31\2017_04_26_GM31_FIELD_CLASS\DEBUG\MAIN.OBJ
C:\USERS\YUKIN\DESKTOP\NAGAOKA YUKI\3年\GM31\2017_04_26_GM31_FIELD_CLASS\DEBUG\MESHFIELD.OBJ
C:\USERS\YUKIN\DESKTOP\NAGAOKA YUKI\3年\GM31\2017_04_26_GM31_FIELD_CLASS\DEBUG\MODEL.OBJ
C:\USERS\YUKIN\DESKTOP\NAGAOKA YUKI\3年\GM31\2017_04_26_GM31_FIELD_CLASS\DEBUG\SAMPLEDEBUG.EXE.EMBED.MANIFEST.RES
C:\USERS\YUKIN\DESKTOP\NAGAOKA YUKI\3年\GM31\2017_04_26_GM31_FIELD_CLASS\DEBUG\SAMPLEDEBUG.EXE.INTERMEDIATE.MANIFEST
C:\USERS\YUKIN\DESKTOP\NAGAOKA YUKI\3年\GM31\2017_04_26_GM31_FIELD_CLASS\DEBUG\SCENE.OBJ
C:\USERS\YUKIN\DESKTOP\NAGAOKA YUKI\3年\GM31\2017_04_26_GM31_FIELD_CLASS\DEBUG\SCENE2D.OBJ
C:\USERS\YUKIN\DESKTOP\NAGAOKA YUKI\3年\GM31\2017_04_26_GM31_FIELD_CLASS\DEBUG\SCENE3D.OBJ
C:\USERS\YUKIN\DESKTOP\NAGAOKA YUKI\3年\GM31\2017_04_26_GM31_FIELD_CLASS\DEBUG\VC100.PDB
C:\USERS\YUKIN\DESKTOP\NAGAOKA YUKI\3年\GM31\2017_04_26_GM31_FIELD_CLASS\SAMPLEDEBUG.EXE
C:\USERS\YUKIN\DESKTOP\NAGAOKA YUKI\3年\GM31\2017_04_26_GM31_FIELD_CLASS\SAMPLEDEBUG.ILK
C:\USERS\YUKIN\DESKTOP\NAGAOKA YUKI\3年\GM31\2017_04_26_GM31_FIELD_CLASS\SAMPLEDEBUG.PDB
C:\USERS\YUKIN\DESKTOP\NAGAOKA YUKI\3年\GM31\2017_04_26_GM31_LIST_CLASS\DEBUG\CAMERA.OBJ
C:\USERS\YUKIN\DESKTOP\NAGAOKA YUKI\3年\GM31\2017_04_26_GM31_LIST_CLASS\DEBUG\INPUT.OBJ
C:\USERS\YUKIN\DESKTOP\NAGAOKA YUKI\3年\GM31\2017_04_26_GM31_LIST_CLASS\DEBUG\LIGHT.OBJ
C:\USERS\YUKIN\DESKTOP\NAGAOKA YUKI\3年\GM31\2017_04_26_GM31_LIST_CLASS\DEBUG\MAIN.OBJ
C:\USERS\YUKIN\DESKTOP\NAGAOKA YUKI\3年\GM31\2017_04_26_GM31_LIST_CLASS\DEBUG\MANAGER.OBJ
C:\USERS\YUKIN\DESKTOP\NAGAOKA YUKI\3年\GM31\2017_04_26_GM31_LIST_CLASS\DEBUG\MESHFIELD.OBJ
C:\USERS\YUKIN\DESKTOP\NAGAOKA YUKI\3年\GM31\2017_04_26_GM31_LIST_CLASS\DEBUG\MESHWALL.OBJ
C:\USERS\YUKIN\DESKTOP\NAGAOKA YUKI\3年\GM31\2017_04_26_GM31_LIST_CLASS\DEBUG\MODEL.OBJ
C:\USERS\YUKIN\DESKTOP\NAGAOKA YUKI\3年\GM31\2017_04_26_GM31_LIST_CLASS\DEBUG\PARTICLE.OBJ
C:\USERS\YUKIN\DESKTOP\NAGAOKA YUKI\3年\GM31\2017_04_26_GM31_LIST_CLASS\DEBUG\POLYGON2D.OBJ
C:\USERS\YUKIN\DESKTOP\NAGAOKA YUKI\3年\GM31\2017_04_26_GM31_LIST_CLASS\DEBUG\POLYGON3D.OBJ
C:\USERS\YUKIN\DESKTOP\NAGAOKA YUKI\3年\GM31\2017_04_26_GM31_LIST_CLASS\DEBUG\RENDERER.OBJ
C:\USERS\YUKIN\DESKTOP\NAGAOKA YUKI\3年\GM31\2017_04_26_GM31_LIST_CLASS\DEBUG\SAMPLEDEBUG.EXE.EMBED.MANIFEST.RES
C:\USERS\YUKIN\DESKTOP\NAGAOKA YUKI\3年\GM31\2017_04_26_GM31_LIST_CLASS\DEBUG\SAMPLEDEBUG.EXE.INTERMEDIATE.MANIFEST
C:\USERS\YUKIN\DESKTOP\NAGAOKA YUKI\3年\GM31\2017_04_26_GM31_LIST_CLASS\DEBUG\SCENE.OBJ
C:\USERS\YUKIN\DESKTOP\NAGAOKA YUKI\3年\GM31\2017_04_26_GM31_LIST_CLASS\DEBUG\SCENE2D.OBJ
C:\USERS\YUKIN\DESKTOP\NAGAOKA YUKI\3年\GM31\2017_04_26_GM31_LIST_CLASS\DEBUG\SCENE3D.OBJ
C:\USERS\YUKIN\DESKTOP\NAGAOKA YUKI\3年\GM31\2017_04_26_GM31_LIST_CLASS\DEBUG\VC100.PDB
C:\USERS\YUKIN\DESKTOP\NAGAOKA YUKI\3年\GM31\2017_04_26_GM31_LIST_CLASS\SAMPLEDEBUG.EXE
C:\USERS\YUKIN\DESKTOP\NAGAOKA YUKI\3年\GM31\2017_04_26_GM31_LIST_CLASS\SAMPLEDEBUG.ILK
C:\USERS\YUKIN\DESKTOP\NAGAOKA YUKI\3年\GM31\2017_04_26_GM31_LIST_CLASS\SAMPLEDEBUG.PDB
C:\USERS\YUKIN\DESKTOP\NAGAOKA YUKI\3年\GM31\2017_04_26_GM31_LIST_CLASS2\DEBUG\BILLBOARD.OBJ
C:\USERS\YUKIN\DESKTOP\NAGAOKA YUKI\3年\GM31\2017_04_26_GM31_LIST_CLASS2\DEBUG\CAMERA.OBJ
C:\USERS\YUKIN\DESKTOP\NAGAOKA YUKI\3年\GM31\2017_04_26_GM31_LIST_CLASS2\DEBUG\INPUT.OBJ
C:\USERS\YUKIN\DESKTOP\NAGAOKA YUKI\3年\GM31\2017_04_26_GM31_LIST_CLASS2\DEBUG\LIGHT.OBJ
C:\USERS\YUKIN\DESKTOP\NAGAOKA YUKI\3年\GM31\2017_04_26_GM31_LIST_CLASS2\DEBUG\MAIN.OBJ
C:\USERS\YUKIN\DESKTOP\NAGAOKA YUKI\3年\GM31\2017_04_26_GM31_LIST_CLASS2\DEBUG\MANAGER.OBJ
C:\USERS\YUKIN\DESKTOP\NAGAOKA YUKI\3年\GM31\2017_04_26_GM31_LIST_CLASS2\DEBUG\MESHFIELD.OBJ
C:\USERS\YUKIN\DESKTOP\NAGAOKA YUKI\3年\GM31\2017_04_26_GM31_LIST_CLASS2\DEBUG\MESHWALL.OBJ
C:\USERS\YUKIN\DESKTOP\NAGAOKA YUKI\3年\GM31\2017_04_26_GM31_LIST_CLASS2\DEBUG\MODEL.OBJ
C:\USERS\YUKIN\DESKTOP\NAGAOKA YUKI\3年\GM31\2017_04_26_GM31_LIST_CLASS2\DEBUG\PARTICLE.OBJ
C:\USERS\YUKIN\DESKTOP\NAGAOKA YUKI\3年\GM31\2017_04_26_GM31_LIST_CLASS2\DEBUG\POLYGON2D.OBJ
C:\USERS\YUKIN\DESKTOP\NAGAOKA YUKI\3年\GM31\2017_04_26_GM31_LIST_CLASS2\DEBUG\POLYGON3D.OBJ
C:\USERS\YUKIN\DESKTOP\NAGAOKA YUKI\3年\GM31\2017_04_26_GM31_LIST_CLASS2\DEBUG\RENDERER.OBJ
C:\USERS\YUKIN\DESKTOP\NAGAOKA YUKI\3年\GM31\2017_04_26_GM31_LIST_CLASS2\DEBUG\SAMPLEDEBUG.EXE.EMBED.MANIFEST.RES
C:\USERS\YUKIN\DESKTOP\NAGAOKA YUKI\3年\GM31\2017_04_26_GM31_LIST_CLASS2\DEBUG\SAMPLEDEBUG.EXE.INTERMEDIATE.MANIFEST
C:\USERS\YUKIN\DESKTOP\NAGAOKA YUKI\3年\GM31\2017_04_26_GM31_LIST_CLASS2\DEBUG\SCENE.OBJ
C:\USERS\YUKIN\DESKTOP\NAGAOKA YUKI\3年\GM31\2017_04_26_GM31_LIST_CLASS2\DEBUG\SCENE2D.OBJ
C:\USERS\YUKIN\DESKTOP\NAGAOKA YUKI\3年\GM31\2017_04_26_GM31_LIST_CLASS2\DEBUG\SCENE3D.OBJ
C:\USERS\YUKIN\DESKTOP\NAGAOKA YUKI\3年\GM31\2017_04_26_GM31_LIST_CLASS2\DEBUG\VC100.PDB
C:\USERS\YUKIN\DESKTOP\NAGAOKA YUKI\3年\GM31\2017_04_26_GM31_LIST_CLASS2\SAMPLEDEBUG.EXE
C:\USERS\YUKIN\DESKTOP\NAGAOKA YUKI\3年\GM31\2017_04_26_GM31_LIST_CLASS2\SAMPLEDEBUG.ILK
C:\USERS\YUKIN\DESKTOP\NAGAOKA YUKI\3年\GM31\2017_04_26_GM31_LIST_CLASS2\SAMPLEDEBUG.PDB
C:\USERS\YUKIN\DESKTOP\NAGAOKA YUKI\3年\GM31\2017_04_26_GM31_RENDERER_CLASS\DEBUG\CAMERA.OBJ
C:\USERS\YUKIN\DESKTOP\NAGAOKA YUKI\3年\GM31\2017_04_26_GM31_RENDERER_CLASS\DEBUG\FADE.OBJ
C:\USERS\YUKIN\DESKTOP\NAGAOKA YUKI\3年\GM31\2017_04_26_GM31_RENDERER_CLASS\DEBUG\INPUT.OBJ
C:\USERS\YUKIN\DESKTOP\NAGAOKA YUKI\3年\GM31\2017_04_26_GM31_RENDERER_CLASS\DEBUG\LIGHT.OBJ
C:\USERS\YUKIN\DESKTOP\NAGAOKA YUKI\3年\GM31\2017_04_26_GM31_RENDERER_CLASS\DEBUG\MAIN.OBJ
C:\USERS\YUKIN\DESKTOP\NAGAOKA YUKI\3年\GM31\2017_04_26_GM31_RENDERER_CLASS\DEBUG\MANAGER.OBJ
C:\USERS\YUKIN\DESKTOP\NAGAOKA YUKI\3年\GM31\2017_04_26_GM31_RENDERER_CLASS\DEBUG\MESHFIELD.OBJ
C:\USERS\YUKIN\DESKTOP\NAGAOKA YUKI\3年\GM31\2017_04_26_GM31_RENDERER_CLASS\DEBUG\MESHWALL.OBJ
C:\USERS\YUKIN\DESKTOP\NAGAOKA YUKI\3年\GM31\2017_04_26_GM31_RENDERER_CLASS\DEBUG\MODEL.OBJ
C:\USERS\YUKIN\DESKTOP\NAGAOKA YUKI\3年\GM31\2017_04_26_GM31_RENDERER_CLASS\DEBUG\POLYGON2D.OBJ
C:\USERS\YUKIN\DESKTOP\NAGAOKA YUKI\3年\GM31\2017_04_26_GM31_RENDERER_CLASS\DEBUG\POLYGON3D.OBJ
C:\USERS\YUKIN\DESKTOP\NAGAOKA YUKI\3年\GM31\2017_04_26_GM31_RENDERER_CLASS\DEBUG\RENDERER.OBJ
C:\USERS\YUKIN\DESKTOP\NAGAOKA YUKI\3年\GM31\2017_04_26_GM31_RENDERER_CLASS\DEBUG\SAMPLEDEBUG.EXE.EMBED.MANIFEST.RES
C:\USERS\YUKIN\DESKTOP\NAGAOKA YUKI\3年\GM31\2017_04_26_GM31_RENDERER_CLASS\DEBUG\SAMPLEDEBUG.EXE.INTERMEDIATE.MANIFEST
C:\USERS\YUKIN\DESKTOP\NAGAOKA YUKI\3年\GM31\2017_04_26_GM31_RENDERER_CLASS\DEBUG\SCENE.OBJ
C:\USERS\YUKIN\DESKTOP\NAGAOKA YUKI\3年\GM31\2017_04_26_GM31_RENDERER_CLASS\DEBUG\SCENE2D.OBJ
C:\USERS\YUKIN\DESKTOP\NAGAOKA YUKI\3年\GM31\2017_04_26_GM31_RENDERER_CLASS\DEBUG\SCENE3D.OBJ
C:\USERS\YUKIN\DESKTOP\NAGAOKA YUKI\3年\GM31\2017_04_26_GM31_RENDERER_CLASS\DEBUG\VC100.PDB
C:\USERS\YUKIN\DESKTOP\NAGAOKA YUKI\3年\GM31\2017_04_26_GM31_RENDERER_CLASS\SAMPLEDEBUG.EXE
C:\USERS\YUKIN\DESKTOP\NAGAOKA YUKI\3年\GM31\2017_04_26_GM31_RENDERER_CLASS\SAMPLEDEBUG.ILK
C:\USERS\YUKIN\DESKTOP\NAGAOKA YUKI\3年\GM31\2017_04_26_GM31_RENDERER_CLASS\SAMPLEDEBUG.PDB
C:\USERS\YUKIN\DESKTOP\NAGAOKA YUKI\3年\GM31\2017_06_14_GM31\DEBUG\BG.OBJ
C:\USERS\YUKIN\DESKTOP\NAGAOKA YUKI\3年\GM31\2017_06_14_GM31\DEBUG\BILLBOARD.OBJ
C:\USERS\YUKIN\DESKTOP\NAGAOKA YUKI\3年\GM31\2017_06_14_GM31\DEBUG\CAMERA.OBJ
C:\USERS\YUKIN\DESKTOP\NAGAOKA YUKI\3年\GM31\2017_06_14_GM31\DEBUG\DEBUG.OBJ
C:\USERS\YUKIN\DESKTOP\NAGAOKA YUKI\3年\GM31\2017_06_14_GM31\DEBUG\EMITTER.OBJ
C:\USERS\YUKIN\DESKTOP\NAGAOKA YUKI\3年\GM31\2017_06_14_GM31\DEBUG\EMITTERBULLET.OBJ
C:\USERS\YUKIN\DESKTOP\NAGAOKA YUKI\3年\GM31\2017_06_14_GM31\DEBUG\ENEMY.OBJ
C:\USERS\YUKIN\DESKTOP\NAGAOKA YUKI\3年\GM31\2017_06_14_GM31\DEBUG\INPUT.OBJ
C:\USERS\YUKIN\DESKTOP\NAGAOKA YUKI\3年\GM31\2017_06_14_GM31\DEBUG\LIGHT.OBJ
C:\USERS\YUKIN\DESKTOP\NAGAOKA YUKI\3年\GM31\2017_06_14_GM31\DEBUG\MAIN.OBJ
C:\USERS\YUKIN\DESKTOP\NAGAOKA YUKI\3年\GM31\2017_06_14_GM31\DEBUG\MANAGER.OBJ
C:\USERS\YUKIN\DESKTOP\NAGAOKA YUKI\3年\GM31\2017_06_14_GM31\DEBUG\MESHFIELD.OBJ
C:\USERS\YUKIN\DESKTOP\NAGAOKA YUKI\3年\GM31\2017_06_14_GM31\DEBUG\MESHSKYDOME.OBJ
C:\USERS\YUKIN\DESKTOP\NAGAOKA YUKI\3年\GM31\2017_06_14_GM31\DEBUG\MESHWALL.OBJ
C:\USERS\YUKIN\DESKTOP\NAGAOKA YUKI\3年\GM31\2017_06_14_GM31\DEBUG\MODEGAME.OBJ
C:\USERS\YUKIN\DESKTOP\NAGAOKA YUKI\3年\GM31\2017_06_14_GM31\DEBUG\MODEL.OBJ
C:\USERS\YUKIN\DESKTOP\NAGAOKA YUKI\3年\GM31\2017_06_14_GM31\DEBUG\MODERESULT.OBJ
C:\USERS\YUKIN\DESKTOP\NAGAOKA YUKI\3年\GM31\2017_06_14_GM31\DEBUG\MODETITLE.OBJ
C:\USERS\YUKIN\DESKTOP\NAGAOKA YUKI\3年\GM31\2017_06_14_GM31\DEBUG\NUMBER.OBJ
C:\USERS\YUKIN\DESKTOP\NAGAOKA YUKI\3年\GM31\2017_06_14_GM31\DEBUG\PARTICLE.OBJ
C:\USERS\YUKIN\DESKTOP\NAGAOKA YUKI\3年\GM31\2017_06_14_GM31\DEBUG\PARTICLEBULLET.OBJ
C:\USERS\YUKIN\DESKTOP\NAGAOKA YUKI\3年\GM31\2017_06_14_GM31\DEBUG\POLYGON2D.OBJ
C:\USERS\YUKIN\DESKTOP\NAGAOKA YUKI\3年\GM31\2017_06_14_GM31\DEBUG\POLYGON3D.OBJ
C:\USERS\YUKIN\DESKTOP\NAGAOKA YUKI\3年\GM31\2017_06_14_GM31\DEBUG\RENDERER.OBJ
C:\USERS\YUKIN\DESKTOP\NAGAOKA YUKI\3年\GM31\2017_06_14_GM31\DEBUG\SAMPLEDEBUG.EXE.EMBED.MANIFEST.RES
C:\USERS\YUKIN\DESKTOP\NAGAOKA YUKI\3年\GM31\2017_06_14_GM31\DEBUG\SAMPLEDEBUG.EXE.INTERMEDIATE.MANIFEST
C:\USERS\YUKIN\DESKTOP\NAGAOKA YUKI\3年\GM31\2017_06_14_GM31\DEBUG\SCENE.OBJ
C:\USERS\YUKIN\DESKTOP\NAGAOKA YUKI\3年\GM31\2017_06_14_GM31\DEBUG\SCENE2D.OBJ
C:\USERS\YUKIN\DESKTOP\NAGAOKA YUKI\3年\GM31\2017_06_14_GM31\DEBUG\SCENE3D.OBJ
C:\USERS\YUKIN\DESKTOP\NAGAOKA YUKI\3年\GM31\2017_06_14_GM31\DEBUG\SCORE.OBJ
C:\USERS\YUKIN\DESKTOP\NAGAOKA YUKI\3年\GM31\2017_06_14_GM31\DEBUG\VC100.PDB
C:\USERS\YUKIN\DESKTOP\NAGAOKA YUKI\3年\GM31\2017_06_14_GM31\SAMPLEDEBUG.EXE
C:\USERS\YUKIN\DESKTOP\NAGAOKA YUKI\3年\GM31\2017_06_14_GM31\SAMPLEDEBUG.ILK
C:\USERS\YUKIN\DESKTOP\NAGAOKA YUKI\3年\GM31\2017_06_14_GM31\SAMPLEDEBUG.PDB
C:\USERS\YUKIN\DESKTOP\NAGAOKA YUKI\3年\GM31\2017_07_13_GM31 - コピー\DEBUG\BG.OBJ
C:\USERS\YUKIN\DESKTOP\NAGAOKA YUKI\3年\GM31\2017_07_13_GM31 - コピー\DEBUG\BILLBOARD.OBJ
C:\USERS\YUKIN\DESKTOP\NAGAOKA YUKI\3年\GM31\2017_07_13_GM31 - コピー\DEBUG\CAMERA.OBJ
C:\USERS\YUKIN\DESKTOP\NAGAOKA YUKI\3年\GM31\2017_07_13_GM31 - コピー\DEBUG\DEBUG.OBJ
C:\USERS\YUKIN\DESKTOP\NAGAOKA YUKI\3年\GM31\2017_07_13_GM31 - コピー\DEBUG\EMITTER.OBJ
C:\USERS\YUKIN\DESKTOP\NAGAOKA YUKI\3年\GM31\2017_07_13_GM31 - コピー\DEBUG\EMITTERBULLET.OBJ
C:\USERS\YUKIN\DESKTOP\NAGAOKA YUKI\3年\GM31\2017_07_13_GM31 - コピー\DEBUG\ENEMY.OBJ
C:\USERS\YUKIN\DESKTOP\NAGAOKA YUKI\3年\GM31\2017_07_13_GM31 - コピー\DEBUG\INPUT.OBJ
C:\USERS\YUKIN\DESKTOP\NAGAOKA YUKI\3年\GM31\2017_07_13_GM31 - コピー\DEBUG\ITEM.OBJ
C:\USERS\YUKIN\DESKTOP\NAGAOKA YUKI\3年\GM31\2017_07_13_GM31 - コピー\DEBUG\LIFE.OBJ
C:\USERS\YUKIN\DESKTOP\NAGAOKA YUKI\3年\GM31\2017_07_13_GM31 - コピー\DEBUG\LIGHT.OBJ
C:\USERS\YUKIN\DESKTOP\NAGAOKA YUKI\3年\GM31\2017_07_13_GM31 - コピー\DEBUG\MAIN.OBJ
C:\USERS\YUKIN\DESKTOP\NAGAOKA YUKI\3年\GM31\2017_07_13_GM31 - コピー\DEBUG\MANAGER.OBJ
C:\USERS\YUKIN\DESKTOP\NAGAOKA YUKI\3年\GM31\2017_07_13_GM31 - コピー\DEBUG\MESHFIELD.OBJ
C:\USERS\YUKIN\DESKTOP\NAGAOKA YUKI\3年\GM31\2017_07_13_GM31 - コピー\DEBUG\MESHSKYDOME.OBJ
C:\USERS\YUKIN\DESKTOP\NAGAOKA YUKI\3年\GM31\2017_07_13_GM31 - コピー\DEBUG\MESHWALL.OBJ
C:\USERS\YUKIN\DESKTOP\NAGAOKA YUKI\3年\GM31\2017_07_13_GM31 - コピー\DEBUG\MODEGAME.OBJ
C:\USERS\YUKIN\DESKTOP\NAGAOKA YUKI\3年\GM31\2017_07_13_GM31 - コピー\DEBUG\MODEL.OBJ
C:\USERS\YUKIN\DESKTOP\NAGAOKA YUKI\3年\GM31\2017_07_13_GM31 - コピー\DEBUG\MODERESULT.OBJ
C:\USERS\YUKIN\DESKTOP\NAGAOKA YUKI\3年\GM31\2017_07_13_GM31 - コピー\DEBUG\MODETITLE.OBJ
C:\USERS\YUKIN\DESKTOP\NAGAOKA YUKI\3年\GM31\2017_07_13_GM31 - コピー\DEBUG\NUMBER.OBJ
C:\USERS\YUKIN\DESKTOP\NAGAOKA YUKI\3年\GM31\2017_07_13_GM31 - コピー\DEBUG\PARTICLE.OBJ
C:\USERS\YUKIN\DESKTOP\NAGAOKA YUKI\3年\GM31\2017_07_13_GM31 - コピー\DEBUG\PARTICLEBULLET.OBJ
C:\USERS\YUKIN\DESKTOP\NAGAOKA YUKI\3年\GM31\2017_07_13_GM31 - コピー\DEBUG\POLYGON2D.OBJ
C:\USERS\YUKIN\DESKTOP\NAGAOKA YUKI\3年\GM31\2017_07_13_GM31 - コピー\DEBUG\POLYGON3D.OBJ
C:\USERS\YUKIN\DESKTOP\NAGAOKA YUKI\3年\GM31\2017_07_13_GM31 - コピー\DEBUG\POSITION.OBJ
C:\USERS\YUKIN\DESKTOP\NAGAOKA YUKI\3年\GM31\2017_07_13_GM31 - コピー\DEBUG\RENDERER.OBJ
C:\USERS\YUKIN\DESKTOP\NAGAOKA YUKI\3年\GM31\2017_07_13_GM31 - コピー\DEBUG\RETICLE.OBJ
C:\USERS\YUKIN\DESKTOP\NAGAOKA YUKI\3年\GM31\2017_07_13_GM31 - コピー\DEBUG\SAMPLEDEBUG.EXE.EMBED.MANIFEST.RES
C:\USERS\YUKIN\DESKTOP\NAGAOKA YUKI\3年\GM31\2017_07_13_GM31 - コピー\DEBUG\SAMPLEDEBUG.EXE.INTERMEDIATE.MANIFEST
C:\USERS\YUKIN\DESKTOP\NAGAOKA YUKI\3年\GM31\2017_07_13_GM31 - コピー\DEBUG\SCENE.OBJ
C:\USERS\YUKIN\DESKTOP\NAGAOKA YUKI\3年\GM31\2017_07_13_GM31 - コピー\DEBUG\SCENE2D.OBJ
C:\USERS\YUKIN\DESKTOP\NAGAOKA YUKI\3年\GM31\2017_07_13_GM31 - コピー\DEBUG\SCENE3D.OBJ
C:\USERS\YUKIN\DESKTOP\NAGAOKA YUKI\3年\GM31\2017_07_13_GM31 - コピー\DEBUG\SCORE.OBJ
C:\USERS\YUKIN\DESKTOP\NAGAOKA YUKI\3年\GM31\2017_07_13_GM31 - コピー\DEBUG\SOUND.OBJ
C:\USERS\YUKIN\DESKTOP\NAGAOKA YUKI\3年\GM31\2017_07_13_GM31 - コピー\DEBUG\VC100.PDB
C:\USERS\YUKIN\DESKTOP\NAGAOKA YUKI\3年\GM31\2017_07_13_GM31 - コピー\SAMPLEDEBUG.EXE
C:\USERS\YUKIN\DESKTOP\NAGAOKA YUKI\3年\GM31\2017_07_13_GM31 - コピー\SAMPLEDEBUG.ILK
C:\USERS\YUKIN\DESKTOP\NAGAOKA YUKI\3年\GM31\2017_07_13_GM31 - コピー\SAMPLEDEBUG.PDB
C:\USERS\YUKIN\DESKTOP\NAGAOKA YUKI\3年\GM31\2017_07_13_GM31\DEBUG\BG.OBJ
C:\USERS\YUKIN\DESKTOP\NAGAOKA YUKI\3年\GM31\2017_07_13_GM31\DEBUG\BILLBOARD.OBJ
C:\USERS\YUKIN\DESKTOP\NAGAOKA YUKI\3年\GM31\2017_07_13_GM31\DEBUG\CAMERA.OBJ
C:\USERS\YUKIN\DESKTOP\NAGAOKA YUKI\3年\GM31\2017_07_13_GM31\DEBUG\DEBUG.OBJ
C:\USERS\YUKIN\DESKTOP\NAGAOKA YUKI\3年\GM31\2017_07_13_GM31\DEBUG\EMITTER.OBJ
C:\USERS\YUKIN\DESKTOP\NAGAOKA YUKI\3年\GM31\2017_07_13_GM31\DEBUG\EMITTERBULLET.OBJ
C:\USERS\YUKIN\DESKTOP\NAGAOKA YUKI\3年\GM31\2017_07_13_GM31\DEBUG\ENEMY.OBJ
C:\USERS\YUKIN\DESKTOP\NAGAOKA YUKI\3年\GM31\2017_07_13_GM31\DEBUG\INPUT.OBJ
C:\USERS\YUKIN\DESKTOP\NAGAOKA YUKI\3年\GM31\2017_07_13_GM31\DEBUG\ITEM.OBJ
C:\USERS\YUKIN\DESKTOP\NAGAOKA YUKI\3年\GM31\2017_07_13_GM31\DEBUG\LIFE.OBJ
C:\USERS\YUKIN\DESKTOP\NAGAOKA YUKI\3年\GM31\2017_07_13_GM31\DEBUG\LIGHT.OBJ
C:\USERS\YUKIN\DESKTOP\NAGAOKA YUKI\3年\GM31\2017_07_13_GM31\DEBUG\MAIN.OBJ
C:\USERS\YUKIN\DESKTOP\NAGAOKA YUKI\3年\GM31\2017_07_13_GM31\DEBUG\MANAGER.OBJ
C:\USERS\YUKIN\DESKTOP\NAGAOKA YUKI\3年\GM31\2017_07_13_GM31\DEBUG\MESHFIELD.OBJ
C:\USERS\YUKIN\DESKTOP\NAGAOKA YUKI\3年\GM31\2017_07_13_GM31\DEBUG\MESHSKYDOME.OBJ
C:\USERS\YUKIN\DESKTOP\NAGAOKA YUKI\3年\GM31\2017_07_13_GM31\DEBUG\MESHWALL.OBJ
C:\USERS\YUKIN\DESKTOP\NAGAOKA YUKI\3年\GM31\2017_07_13_GM31\DEBUG\MODEGAME.OBJ
C:\USERS\YUKIN\DESKTOP\NAGAOKA YUKI\3年\GM31\2017_07_13_GM31\DEBUG\MODEL.OBJ
C:\USERS\YUKIN\DESKTOP\NAGAOKA YUKI\3年\GM31\2017_07_13_GM31\DEBUG\MODERESULT.OBJ
C:\USERS\YUKIN\DESKTOP\NAGAOKA YUKI\3年\GM31\2017_07_13_GM31\DEBUG\MODETITLE.OBJ
C:\USERS\YUKIN\DESKTOP\NAGAOKA YUKI\3年\GM31\2017_07_13_GM31\DEBUG\NUMBER.OBJ
C:\USERS\YUKIN\DESKTOP\NAGAOKA YUKI\3年\GM31\2017_07_13_GM31\DEBUG\PARTICLE.OBJ
C:\USERS\YUKIN\DESKTOP\NAGAOKA YUKI\3年\GM31\2017_07_13_GM31\DEBUG\PARTICLEBULLET.OBJ
C:\USERS\YUKIN\DESKTOP\NAGAOKA YUKI\3年\GM31\2017_07_13_GM31\DEBUG\POLYGON2D.OBJ
C:\USERS\YUKIN\DESKTOP\NAGAOKA YUKI\3年\GM31\2017_07_13_GM31\DEBUG\POLYGON3D.OBJ
C:\USERS\YUKIN\DESKTOP\NAGAOKA YUKI\3年\GM31\2017_07_13_GM31\DEBUG\POSITION.OBJ
C:\USERS\YUKIN\DESKTOP\NAGAOKA YUKI\3年\GM31\2017_07_13_GM31\DEBUG\RENDERER.OBJ
C:\USERS\YUKIN\DESKTOP\NAGAOKA YUKI\3年\GM31\2017_07_13_GM31\DEBUG\RETICLE.OBJ
C:\USERS\YUKIN\DESKTOP\NAGAOKA YUKI\3年\GM31\2017_07_13_GM31\DEBUG\SAMPLEDEBUG.EXE.EMBED.MANIFEST.RES
C:\USERS\YUKIN\DESKTOP\NAGAOKA YUKI\3年\GM31\2017_07_13_GM31\DEBUG\SAMPLEDEBUG.EXE.INTERMEDIATE.MANIFEST
C:\USERS\YUKIN\DESKTOP\NAGAOKA YUKI\3年\GM31\2017_07_13_GM31\DEBUG\SCENE.OBJ
C:\USERS\YUKIN\DESKTOP\NAGAOKA YUKI\3年\GM31\2017_07_13_GM31\DEBUG\SCENE2D.OBJ
C:\USERS\YUKIN\DESKTOP\NAGAOKA YUKI\3年\GM31\2017_07_13_GM31\DEBUG\SCENE3D.OBJ
C:\USERS\YUKIN\DESKTOP\NAGAOKA YUKI\3年\GM31\2017_07_13_GM31\DEBUG\SCORE.OBJ
C:\USERS\YUKIN\DESKTOP\NAGAOKA YUKI\3年\GM31\2017_07_13_GM31\DEBUG\SOUND.OBJ
C:\USERS\YUKIN\DESKTOP\NAGAOKA YUKI\3年\GM31\2017_07_13_GM31\DEBUG\VC100.PDB
C:\USERS\YUKIN\DESKTOP\NAGAOKA YUKI\3年\GM31\2017_07_13_GM31\SAMPLEDEBUG.EXE
C:\USERS\YUKIN\DESKTOP\NAGAOKA YUKI\3年\GM31\2017_07_13_GM31\SAMPLEDEBUG.ILK
C:\USERS\YUKIN\DESKTOP\NAGAOKA YUKI\3年\GM31\2017_07_13_GM31\SAMPLEDEBUG.PDB
C:\USERS\YUKIN\DESKTOP\NAGAOKA YUKI\3年\GM31\2017_09_07_GM31_MOTION\DEBUG\BG.OBJ
C:\USERS\YUKIN\DESKTOP\NAGAOKA YUKI\3年\GM31\2017_09_07_GM31_MOTION\DEBUG\BILLBOARD.OBJ
C:\USERS\YUKIN\DESKTOP\NAGAOKA YUKI\3年\GM31\2017_09_07_GM31_MOTION\DEBUG\CAMERA.OBJ
C:\USERS\YUKIN\DESKTOP\NAGAOKA YUKI\3年\GM31\2017_09_07_GM31_MOTION\DEBUG\DEBUG.OBJ
C:\USERS\YUKIN\DESKTOP\NAGAOKA YUKI\3年\GM31\2017_09_07_GM31_MOTION\DEBUG\EMITTER.OBJ
C:\USERS\YUKIN\DESKTOP\NAGAOKA YUKI\3年\GM31\2017_09_07_GM31_MOTION\DEBUG\EMITTERBULLET.OBJ
C:\USERS\YUKIN\DESKTOP\NAGAOKA YUKI\3年\GM31\2017_09_07_GM31_MOTION\DEBUG\ENEMY.OBJ
C:\USERS\YUKIN\DESKTOP\NAGAOKA YUKI\3年\GM31\2017_09_07_GM31_MOTION\DEBUG\INPUT.OBJ
C:\USERS\YUKIN\DESKTOP\NAGAOKA YUKI\3年\GM31\2017_09_07_GM31_MOTION\DEBUG\ITEM.OBJ
C:\USERS\YUKIN\DESKTOP\NAGAOKA YUKI\3年\GM31\2017_09_07_GM31_MOTION\DEBUG\LIFE.OBJ
C:\USERS\YUKIN\DESKTOP\NAGAOKA YUKI\3年\GM31\2017_09_07_GM31_MOTION\DEBUG\LIGHT.OBJ
C:\USERS\YUKIN\DESKTOP\NAGAOKA YUKI\3年\GM31\2017_09_07_GM31_MOTION\DEBUG\MAIN.OBJ
C:\USERS\YUKIN\DESKTOP\NAGAOKA YUKI\3年\GM31\2017_09_07_GM31_MOTION\DEBUG\MANAGER.OBJ
C:\USERS\YUKIN\DESKTOP\NAGAOKA YUKI\3年\GM31\2017_09_07_GM31_MOTION\DEBUG\MESHFIELD.OBJ
C:\USERS\YUKIN\DESKTOP\NAGAOKA YUKI\3年\GM31\2017_09_07_GM31_MOTION\DEBUG\MESHSKYDOME.OBJ
C:\USERS\YUKIN\DESKTOP\NAGAOKA YUKI\3年\GM31\2017_09_07_GM31_MOTION\DEBUG\MESHWALL.OBJ
C:\USERS\YUKIN\DESKTOP\NAGAOKA YUKI\3年\GM31\2017_09_07_GM31_MOTION\DEBUG\MODEGAME.OBJ
C:\USERS\YUKIN\DESKTOP\NAGAOKA YUKI\3年\GM31\2017_09_07_GM31_MOTION\DEBUG\MODEL.OBJ
C:\USERS\YUKIN\DESKTOP\NAGAOKA YUKI\3年\GM31\2017_09_07_GM31_MOTION\DEBUG\MODERESULT.OBJ
C:\USERS\YUKIN\DESKTOP\NAGAOKA YUKI\3年\GM31\2017_09_07_GM31_MOTION\DEBUG\MODETITLE.OBJ
C:\USERS\YUKIN\DESKTOP\NAGAOKA YUKI\3年\GM31\2017_09_07_GM31_MOTION\DEBUG\NUMBER.OBJ
C:\USERS\YUKIN\DESKTOP\NAGAOKA YUKI\3年\GM31\2017_09_07_GM31_MOTION\DEBUG\PARTICLE.OBJ
C:\USERS\YUKIN\DESKTOP\NAGAOKA YUKI\3年\GM31\2017_09_07_GM31_MOTION\DEBUG\PARTICLEBULLET.OBJ
C:\USERS\YUKIN\DESKTOP\NAGAOKA YUKI\3年\GM31\2017_09_07_GM31_MOTION\DEBUG\POLYGON2D.OBJ
C:\USERS\YUKIN\DESKTOP\NAGAOKA YUKI\3年\GM31\2017_09_07_GM31_MOTION\DEBUG\POLYGON3D.OBJ
C:\USERS\YUKIN\DESKTOP\NAGAOKA YUKI\3年\GM31\2017_09_07_GM31_MOTION\DEBUG\POSITION.OBJ
C:\USERS\YUKIN\DESKTOP\NAGAOKA YUKI\3年\GM31\2017_09_07_GM31_MOTION\DEBUG\RENDERER.OBJ
C:\USERS\YUKIN\DESKTOP\NAGAOKA YUKI\3年\GM31\2017_09_07_GM31_MOTION\DEBUG\RETICLE.OBJ
C:\USERS\YUKIN\DESKTOP\NAGAOKA YUKI\3年\GM31\2017_09_07_GM31_MOTION\DEBUG\SAMPLEDEBUG.EXE.EMBED.MANIFEST.RES
C:\USERS\YUKIN\DESKTOP\NAGAOKA YUKI\3年\GM31\2017_09_07_GM31_MOTION\DEBUG\SAMPLEDEBUG.EXE.INTERMEDIATE.MANIFEST
C:\USERS\YUKIN\DESKTOP\NAGAOKA YUKI\3年\GM31\2017_09_07_GM31_MOTION\DEBUG\SCENE.OBJ
C:\USERS\YUKIN\DESKTOP\NAGAOKA YUKI\3年\GM31\2017_09_07_GM31_MOTION\DEBUG\SCENE2D.OBJ
C:\USERS\YUKIN\DESKTOP\NAGAOKA YUKI\3年\GM31\2017_09_07_GM31_MOTION\DEBUG\SCENE3D.OBJ
C:\USERS\YUKIN\DESKTOP\NAGAOKA YUKI\3年\GM31\2017_09_07_GM31_MOTION\DEBUG\SCORE.OBJ
C:\USERS\YUKIN\DESKTOP\NAGAOKA YUKI\3年\GM31\2017_09_07_GM31_MOTION\DEBUG\SOUND.OBJ
C:\USERS\YUKIN\DESKTOP\NAGAOKA YUKI\3年\GM31\2017_09_07_GM31_MOTION\DEBUG\VC100.PDB
C:\USERS\YUKIN\DESKTOP\NAGAOKA YUKI\3年\GM31\2017_09_07_GM31_MOTION\SAMPLEDEBUG.EXE
C:\USERS\YUKIN\DESKTOP\NAGAOKA YUKI\3年\GM31\2017_09_07_GM31_MOTION\SAMPLEDEBUG.ILK
C:\USERS\YUKIN\DESKTOP\NAGAOKA YUKI\3年\GM31\2017_09_07_GM31_MOTION\SAMPLEDEBUG.PDB
C:\Users\yukin\Desktop\Nagaoka Yuki\3年\前期\GM31\2017_09_07_GM31_MOTION\\sampleDebug.exe
C:\Users\yukin\Desktop\Nagaoka Yuki\3年\前期\GM31\2017_09_07_GM31_MOTION\\sampleDebug.ilk
C:\Users\yukin\Desktop\Nagaoka Yuki\3年\前期\GM31\2017_09_07_GM31_MOTION\\sampleDebug.pdb
C:\USERS\YUKIN\DESKTOP\NAGAOKA YUKI\3年\前期\GM31\2017_09_07_GM31_MOTION\DEBUG\BG.OBJ
C:\USERS\YUKIN\DESKTOP\NAGAOKA YUKI\3年\前期\GM31\2017_09_07_GM31_MOTION\DEBUG\BILLBOARD.OBJ
C:\USERS\YUKIN\DESKTOP\NAGAOKA YUKI\3年\前期\GM31\2017_09_07_GM31_MOTION\DEBUG\CAMERA.OBJ
C:\Users\yukin\Desktop\Nagaoka Yuki\3年\前期\GM31\2017_09_07_GM31_MOTION\Debug\cl.command.1.tlog
C:\Users\yukin\Desktop\Nagaoka Yuki\3年\前期\GM31\2017_09_07_GM31_MOTION\Debug\CL.read.1.tlog
C:\Users\yukin\Desktop\Nagaoka Yuki\3年\前期\GM31\2017_09_07_GM31_MOTION\Debug\CL.write.1.tlog
C:\USERS\YUKIN\DESKTOP\NAGAOKA YUKI\3年\前期\GM31\2017_09_07_GM31_MOTION\DEBUG\DEBUG.OBJ
C:\USERS\YUKIN\DESKTOP\NAGAOKA YUKI\3年\前期\GM31\2017_09_07_GM31_MOTION\DEBUG\EMITTER.OBJ
C:\USERS\YUKIN\DESKTOP\NAGAOKA YUKI\3年\前期\GM31\2017_09_07_GM31_MOTION\DEBUG\EMITTERBULLET.OBJ
C:\USERS\YUKIN\DESKTOP\NAGAOKA YUKI\3年\前期\GM31\2017_09_07_GM31_MOTION\DEBUG\ENEMY.OBJ
C:\USERS\YUKIN\DESKTOP\NAGAOKA YUKI\3年\前期\GM31\2017_09_07_GM31_MOTION\DEBUG\ENEMYBOSS.OBJ
C:\Users\yukin\Desktop\Nagaoka Yuki\3年\前期\GM31\2017_09_07_GM31_MOTION\Debug\fade.obj
C:\USERS\YUKIN\DESKTOP\NAGAOKA YUKI\3年\前期\GM31\2017_09_07_GM31_MOTION\DEBUG\INPUT.OBJ
C:\USERS\YUKIN\DESKTOP\NAGAOKA YUKI\3年\前期\GM31\2017_09_07_GM31_MOTION\DEBUG\ITEM.OBJ
C:\USERS\YUKIN\DESKTOP\NAGAOKA YUKI\3年\前期\GM31\2017_09_07_GM31_MOTION\DEBUG\LIFE.OBJ
C:\USERS\YUKIN\DESKTOP\NAGAOKA YUKI\3年\前期\GM31\2017_09_07_GM31_MOTION\DEBUG\LIGHT.OBJ
C:\Users\yukin\Desktop\Nagaoka Yuki\3年\前期\GM31\2017_09_07_GM31_MOTION\Debug\link.10172.read.1.tlog
C:\Users\yukin\Desktop\Nagaoka Yuki\3年\前期\GM31\2017_09_07_GM31_MOTION\Debug\link.10172.write.1.tlog
C:\Users\yukin\Desktop\Nagaoka Yuki\3年\前期\GM31\2017_09_07_GM31_MOTION\Debug\link.10172-cvtres.read.1.tlog
C:\Users\yukin\Desktop\Nagaoka Yuki\3年\前期\GM31\2017_09_07_GM31_MOTION\Debug\link.10172-cvtres.write.1.tlog
C:\Users\yukin\Desktop\Nagaoka Yuki\3年\前期\GM31\2017_09_07_GM31_MOTION\Debug\link.1036.read.1.tlog
C:\Users\yukin\Desktop\Nagaoka Yuki\3年\前期\GM31\2017_09_07_GM31_MOTION\Debug\link.1036.write.1.tlog
C:\Users\yukin\Desktop\Nagaoka Yuki\3年\前期\GM31\2017_09_07_GM31_MOTION\Debug\link.1036-cvtres.read.1.tlog
C:\Users\yukin\Desktop\Nagaoka Yuki\3年\前期\GM31\2017_09_07_GM31_MOTION\Debug\link.1036-cvtres.write.1.tlog
C:\Users\yukin\Desktop\Nagaoka Yuki\3年\前期\GM31\2017_09_07_GM31_MOTION\Debug\link.1044.read.1.tlog
C:\Users\yukin\Desktop\Nagaoka Yuki\3年\前期\GM31\2017_09_07_GM31_MOTION\Debug\link.1044.write.1.tlog
C:\Users\yukin\Desktop\Nagaoka Yuki\3年\前期\GM31\2017_09_07_GM31_MOTION\Debug\link.1044-cvtres.read.1.tlog
C:\Users\yukin\Desktop\Nagaoka Yuki\3年\前期\GM31\2017_09_07_GM31_MOTION\Debug\link.1044-cvtres.write.1.tlog
C:\Users\yukin\Desktop\Nagaoka Yuki\3年\前期\GM31\2017_09_07_GM31_MOTION\Debug\link.10576.read.1.tlog
C:\Users\yukin\Desktop\Nagaoka Yuki\3年\前期\GM31\2017_09_07_GM31_MOTION\Debug\link.10576.write.1.tlog
C:\Users\yukin\Desktop\Nagaoka Yuki\3年\前期\GM31\2017_09_07_GM31_MOTION\Debug\link.10576-cvtres.read.1.tlog
C:\Users\yukin\Desktop\Nagaoka Yuki\3年\前期\GM31\2017_09_07_GM31_MOTION\Debug\link.10576-cvtres.write.1.tlog
C:\Users\yukin\Desktop\Nagaoka Yuki\3年\前期\GM31\2017_09_07_GM31_MOTION\Debug\link.10876.read.1.tlog
C:\Users\yukin\Desktop\Nagaoka Yuki\3年\前期\GM31\2017_09_07_GM31_MOTION\Debug\link.10876.write.1.tlog
C:\Users\yukin\Desktop\Nagaoka Yuki\3年\前期\GM31\2017_09_07_GM31_MOTION\Debug\link.10876-cvtres.read.1.tlog
C:\Users\yukin\Desktop\Nagaoka Yuki\3年\前期\GM31\2017_09_07_GM31_MOTION\Debug\link.10876-cvtres.write.1.tlog
C:\Users\yukin\Desktop\Nagaoka Yuki\3年\前期\GM31\2017_09_07_GM31_MOTION\Debug\link.11148.read.1.tlog
C:\Users\yukin\Desktop\Nagaoka Yuki\3年\前期\GM31\2017_09_07_GM31_MOTION\Debug\link.11148.write.1.tlog
C:\Users\yukin\Desktop\Nagaoka Yuki\3年\前期\GM31\2017_09_07_GM31_MOTION\Debug\link.11148-cvtres.read.1.tlog
C:\Users\yukin\Desktop\Nagaoka Yuki\3年\前期\GM31\2017_09_07_GM31_MOTION\Debug\link.11148-cvtres.write.1.tlog
C:\Users\yukin\Desktop\Nagaoka Yuki\3年\前期\GM31\2017_09_07_GM31_MOTION\Debug\link.11180.read.1.tlog
C:\Users\yukin\Desktop\Nagaoka Yuki\3年\前期\GM31\2017_09_07_GM31_MOTION\Debug\link.11180.write.1.tlog
C:\Users\yukin\Desktop\Nagaoka Yuki\3年\前期\GM31\2017_09_07_GM31_MOTION\Debug\link.11180-cvtres.read.1.tlog
C:\Users\yukin\Desktop\Nagaoka Yuki\3年\前期\GM31\2017_09_07_GM31_MOTION\Debug\link.11180-cvtres.write.1.tlog
C:\Users\yukin\Desktop\Nagaoka Yuki\3年\前期\GM31\2017_09_07_GM31_MOTION\Debug\link.11236.read.1.tlog
C:\Users\yukin\Desktop\Nagaoka Yuki\3年\前期\GM31\2017_09_07_GM31_MOTION\Debug\link.11236.write.1.tlog
C:\Users\yukin\Desktop\Nagaoka Yuki\3年\前期\GM31\2017_09_07_GM31_MOTION\Debug\link.11236-cvtres.read.1.tlog
C:\Users\yukin\Desktop\Nagaoka Yuki\3年\前期\GM31\2017_09_07_GM31_MOTION\Debug\link.11236-cvtres.write.1.tlog
C:\Users\yukin\Desktop\Nagaoka Yuki\3年\前期\GM31\2017_09_07_GM31_MOTION\Debug\link.11488.read.1.tlog
C:\Users\yukin\Desktop\Nagaoka Yuki\3年\前期\GM31\2017_09_07_GM31_MOTION\Debug\link.11488.write.1.tlog
C:\Users\yukin\Desktop\Nagaoka Yuki\3年\前期\GM31\2017_09_07_GM31_MOTION\Debug\link.11488-cvtres.read.1.tlog
C:\Users\yukin\Desktop\Nagaoka Yuki\3年\前期\GM31\2017_09_07_GM31_MOTION\Debug\link.11488-cvtres.write.1.tlog
C:\Users\yukin\Desktop\Nagaoka Yuki\3年\前期\GM31\2017_09_07_GM31_MOTION\Debug\link.11496.read.1.tlog
C:\Users\yukin\Desktop\Nagaoka Yuki\3年\前期\GM31\2017_09_07_GM31_MOTION\Debug\link.11496.write.1.tlog
C:\Users\yukin\Desktop\Nagaoka Yuki\3年\前期\GM31\2017_09_07_GM31_MOTION\Debug\link.11496-cvtres.read.1.tlog
C:\Users\yukin\Desktop\Nagaoka Yuki\3年\前期\GM31\2017_09_07_GM31_MOTION\Debug\link.11496-cvtres.write.1.tlog
C:\Users\yukin\Desktop\Nagaoka Yuki\3年\前期\GM31\2017_09_07_GM31_MOTION\Debug\link.11664.read.1.tlog
C:\Users\yukin\Desktop\Nagaoka Yuki\3年\前期\GM31\2017_09_07_GM31_MOTION\Debug\link.11664.write.1.tlog
C:\Users\yukin\Desktop\Nagaoka Yuki\3年\前期\GM31\2017_09_07_GM31_MOTION\Debug\link.11664-cvtres.read.1.tlog
C:\Users\yukin\Desktop\Nagaoka Yuki\3年\前期\GM31\2017_09_07_GM31_MOTION\Debug\link.11664-cvtres.write.1.tlog
C:\Users\yukin\Desktop\Nagaoka Yuki\3年\前期\GM31\2017_09_07_GM31_MOTION\Debug\link.11752.read.1.tlog
C:\Users\yukin\Desktop\Nagaoka Yuki\3年\前期\GM31\2017_09_07_GM31_MOTION\Debug\link.11752.write.1.tlog
C:\Users\yukin\Desktop\Nagaoka Yuki\3年\前期\GM31\2017_09_07_GM31_MOTION\Debug\link.11752-cvtres.read.1.tlog
C:\Users\yukin\Desktop\Nagaoka Yuki\3年\前期\GM31\2017_09_07_GM31_MOTION\Debug\link.11752-cvtres.write.1.tlog
C:\Users\yukin\Desktop\Nagaoka Yuki\3年\前期\GM31\2017_09_07_GM31_MOTION\Debug\link.11800.read.1.tlog
C:\Users\yukin\Desktop\Nagaoka Yuki\3年\前期\GM31\2017_09_07_GM31_MOTION\Debug\link.11800.write.1.tlog
C:\Users\yukin\Desktop\Nagaoka Yuki\3年\前期\GM31\2017_09_07_GM31_MOTION\Debug\link.11800-cvtres.read.1.tlog
C:\Users\yukin\Desktop\Nagaoka Yuki\3年\前期\GM31\2017_09_07_GM31_MOTION\Debug\link.11800-cvtres.write.1.tlog
C:\Users\yukin\Desktop\Nagaoka Yuki\3年\前期\GM31\2017_09_07_GM31_MOTION\Debug\link.11872.read.1.tlog
C:\Users\yukin\Desktop\Nagaoka Yuki\3年\前期\GM31\2017_09_07_GM31_MOTION\Debug\link.11872.write.1.tlog
C:\Users\yukin\Desktop\Nagaoka Yuki\3年\前期\GM31\2017_09_07_GM31_MOTION\Debug\link.11872-cvtres.read.1.tlog
C:\Users\yukin\Desktop\Nagaoka Yuki\3年\前期\GM31\2017_09_07_GM31_MOTION\Debug\link.11872-cvtres.write.1.tlog
C:\Users\yukin\Desktop\Nagaoka Yuki\3年\前期\GM31\2017_09_07_GM31_MOTION\Debug\link.1188.read.1.tlog
C:\Users\yukin\Desktop\Nagaoka Yuki\3年\前期\GM31\2017_09_07_GM31_MOTION\Debug\link.1188.write.1.tlog
C:\Users\yukin\Desktop\Nagaoka Yuki\3年\前期\GM31\2017_09_07_GM31_MOTION\Debug\link.1188-cvtres.read.1.tlog
C:\Users\yukin\Desktop\Nagaoka Yuki\3年\前期\GM31\2017_09_07_GM31_MOTION\Debug\link.1188-cvtres.write.1.tlog
C:\Users\yukin\Desktop\Nagaoka Yuki\3年\前期\GM31\2017_09_07_GM31_MOTION\Debug\link.12068.read.1.tlog
C:\Users\yukin\Desktop\Nagaoka Yuki\3年\前期\GM31\2017_09_07_GM31_MOTION\Debug\link.12068.write.1.tlog
C:\Users\yukin\Desktop\Nagaoka Yuki\3年\前期\GM31\2017_09_07_GM31_MOTION\Debug\link.12068-cvtres.read.1.tlog
C:\Users\yukin\Desktop\Nagaoka Yuki\3年\前期\GM31\2017_09_07_GM31_MOTION\Debug\link.12068-cvtres.write.1.tlog
C:\Users\yukin\Desktop\Nagaoka Yuki\3年\前期\GM31\2017_09_07_GM31_MOTION\Debug\link.12308.read.1.tlog
C:\Users\yukin\Desktop\Nagaoka Yuki\3年\前期\GM31\2017_09_07_GM31_MOTION\Debug\link.12308.write.1.tlog
C:\Users\yukin\Desktop\Nagaoka Yuki\3年\前期\GM31\2017_09_07_GM31_MOTION\Debug\link.12308-cvtres.read.1.tlog
C:\Users\yukin\Desktop\Nagaoka Yuki\3年\前期\GM31\2017_09_07_GM31_MOTION\Debug\link.12308-cvtres.write.1.tlog
C:\Users\yukin\Desktop\Nagaoka Yuki\3年\前期\GM31\2017_09_07_GM31_MOTION\Debug\link.12328.read.1.tlog
C:\Users\yukin\Desktop\Nagaoka Yuki\3年\前期\GM31\2017_09_07_GM31_MOTION\Debug\link.12328.write.1.tlog
C:\Users\yukin\Desktop\Nagaoka Yuki\3年\前期\GM31\2017_09_07_GM31_MOTION\Debug\link.12328-cvtres.read.1.tlog
C:\Users\yukin\Desktop\Nagaoka Yuki\3年\前期\GM31\2017_09_07_GM31_MOTION\Debug\link.12328-cvtres.write.1.tlog
C:\Users\yukin\Desktop\Nagaoka Yuki\3年\前期\GM31\2017_09_07_GM31_MOTION\Debug\link.1264.read.1.tlog
C:\Users\yukin\Desktop\Nagaoka Yuki\3年\前期\GM31\2017_09_07_GM31_MOTION\Debug\link.1264.write.1.tlog
C:\Users\yukin\Desktop\Nagaoka Yuki\3年\前期\GM31\2017_09_07_GM31_MOTION\Debug\link.1264-cvtres.read.1.tlog
C:\Users\yukin\Desktop\Nagaoka Yuki\3年\前期\GM31\2017_09_07_GM31_MOTION\Debug\link.1264-cvtres.write.1.tlog
C:\Users\yukin\Desktop\Nagaoka Yuki\3年\前期\GM31\2017_09_07_GM31_MOTION\Debug\link.12728.read.1.tlog
C:\Users\yukin\Desktop\Nagaoka Yuki\3年\前期\GM31\2017_09_07_GM31_MOTION\Debug\link.12728.write.1.tlog
C:\Users\yukin\Desktop\Nagaoka Yuki\3年\前期\GM31\2017_09_07_GM31_MOTION\Debug\link.12728-cvtres.read.1.tlog
C:\Users\yukin\Desktop\Nagaoka Yuki\3年\前期\GM31\2017_09_07_GM31_MOTION\Debug\link.12728-cvtres.write.1.tlog
C:\Users\yukin\Desktop\Nagaoka Yuki\3年\前期\GM31\2017_09_07_GM31_MOTION\Debug\link.12732.read.1.tlog
C:\Users\yukin\Desktop\Nagaoka Yuki\3年\前期\GM31\2017_09_07_GM31_MOTION\Debug\link.12732.write.1.tlog
C:\Users\yukin\Desktop\Nagaoka Yuki\3年\前期\GM31\2017_09_07_GM31_MOTION\Debug\link.12732-cvtres.read.1.tlog
C:\Users\yukin\Desktop\Nagaoka Yuki\3年\前期\GM31\2017_09_07_GM31_MOTION\Debug\link.12732-cvtres.write.1.tlog
C:\Users\yukin\Desktop\Nagaoka Yuki\3年\前期\GM31\2017_09_07_GM31_MOTION\Debug\link.12740.read.1.tlog
C:\Users\yukin\Desktop\Nagaoka Yuki\3年\前期\GM31\2017_09_07_GM31_MOTION\Debug\link.12740.write.1.tlog
C:\Users\yukin\Desktop\Nagaoka Yuki\3年\前期\GM31\2017_09_07_GM31_MOTION\Debug\link.12740-cvtres.read.1.tlog
C:\Users\yukin\Desktop\Nagaoka Yuki\3年\前期\GM31\2017_09_07_GM31_MOTION\Debug\link.12740-cvtres.write.1.tlog
C:\Users\yukin\Desktop\Nagaoka Yuki\3年\前期\GM31\2017_09_07_GM31_MOTION\Debug\link.12804.read.1.tlog
C:\Users\yukin\Desktop\Nagaoka Yuki\3年\前期\GM31\2017_09_07_GM31_MOTION\Debug\link.12804.write.1.tlog
C:\Users\yukin\Desktop\Nagaoka Yuki\3年\前期\GM31\2017_09_07_GM31_MOTION\Debug\link.12804-cvtres.read.1.tlog
C:\Users\yukin\Desktop\Nagaoka Yuki\3年\前期\GM31\2017_09_07_GM31_MOTION\Debug\link.12804-cvtres.write.1.tlog
C:\Users\yukin\Desktop\Nagaoka Yuki\3年\前期\GM31\2017_09_07_GM31_MOTION\Debug\link.12808.read.1.tlog
C:\Users\yukin\Desktop\Nagaoka Yuki\3年\前期\GM31\2017_09_07_GM31_MOTION\Debug\link.12808.write.1.tlog
C:\Users\yukin\Desktop\Nagaoka Yuki\3年\前期\GM31\2017_09_07_GM31_MOTION\Debug\link.12808-cvtres.read.1.tlog
C:\Users\yukin\Desktop\Nagaoka Yuki\3年\前期\GM31\2017_09_07_GM31_MOTION\Debug\link.12808-cvtres.write.1.tlog
C:\Users\yukin\Desktop\Nagaoka Yuki\3年\前期\GM31\2017_09_07_GM31_MOTION\Debug\link.12856.read.1.tlog
C:\Users\yukin\Desktop\Nagaoka Yuki\3年\前期\GM31\2017_09_07_GM31_MOTION\Debug\link.12856.write.1.tlog
C:\Users\yukin\Desktop\Nagaoka Yuki\3年\前期\GM31\2017_09_07_GM31_MOTION\Debug\link.12856-cvtres.read.1.tlog
C:\Users\yukin\Desktop\Nagaoka Yuki\3年\前期\GM31\2017_09_07_GM31_MOTION\Debug\link.12856-cvtres.write.1.tlog
C:\Users\yukin\Desktop\Nagaoka Yuki\3年\前期\GM31\2017_09_07_GM31_MOTION\Debug\link.12956.read.1.tlog
C:\Users\yukin\Desktop\Nagaoka Yuki\3年\前期\GM31\2017_09_07_GM31_MOTION\Debug\link.12956.write.1.tlog
C:\Users\yukin\Desktop\Nagaoka Yuki\3年\前期\GM31\2017_09_07_GM31_MOTION\Debug\link.12956-cvtres.read.1.tlog
C:\Users\yukin\Desktop\Nagaoka Yuki\3年\前期\GM31\2017_09_07_GM31_MOTION\Debug\link.12956-cvtres.write.1.tlog
C:\Users\yukin\Desktop\Nagaoka Yuki\3年\前期\GM31\2017_09_07_GM31_MOTION\Debug\link.13068.read.1.tlog
C:\Users\yukin\Desktop\Nagaoka Yuki\3年\前期\GM31\2017_09_07_GM31_MOTION\Debug\link.13068.write.1.tlog
C:\Users\yukin\Desktop\Nagaoka Yuki\3年\前期\GM31\2017_09_07_GM31_MOTION\Debug\link.13068-cvtres.read.1.tlog
C:\Users\yukin\Desktop\Nagaoka Yuki\3年\前期\GM31\2017_09_07_GM31_MOTION\Debug\link.13068-cvtres.write.1.tlog
C:\Users\yukin\Desktop\Nagaoka Yuki\3年\前期\GM31\2017_09_07_GM31_MOTION\Debug\link.13272.read.1.tlog
C:\Users\yukin\Desktop\Nagaoka Yuki\3年\前期\GM31\2017_09_07_GM31_MOTION\Debug\link.13272.write.1.tlog
C:\Users\yukin\Desktop\Nagaoka Yuki\3年\前期\GM31\2017_09_07_GM31_MOTION\Debug\link.13272-cvtres.read.1.tlog
C:\Users\yukin\Desktop\Nagaoka Yuki\3年\前期\GM31\2017_09_07_GM31_MOTION\Debug\link.13272-cvtres.write.1.tlog
C:\Users\yukin\Desktop\Nagaoka Yuki\3年\前期\GM31\2017_09_07_GM31_MOTION\Debug\link.13396.read.1.tlog
C:\Users\yukin\Desktop\Nagaoka Yuki\3年\前期\GM31\2017_09_07_GM31_MOTION\Debug\link.13396.write.1.tlog
C:\Users\yukin\Desktop\Nagaoka Yuki\3年\前期\GM31\2017_09_07_GM31_MOTION\Debug\link.13396-cvtres.read.1.tlog
C:\Users\yukin\Desktop\Nagaoka Yuki\3年\前期\GM31\2017_09_07_GM31_MOTION\Debug\link.13396-cvtres.write.1.tlog
C:\Users\yukin\Desktop\Nagaoka Yuki\3年\前期\GM31\2017_09_07_GM31_MOTION\Debug\link.13400.read.1.tlog
C:\Users\yukin\Desktop\Nagaoka Yuki\3年\前期\GM31\2017_09_07_GM31_MOTION\Debug\link.13400.write.1.tlog
C:\Users\yukin\Desktop\Nagaoka Yuki\3年\前期\GM31\2017_09_07_GM31_MOTION\Debug\link.13400-cvtres.read.1.tlog
C:\Users\yukin\Desktop\Nagaoka Yuki\3年\前期\GM31\2017_09_07_GM31_MOTION\Debug\link.13400-cvtres.write.1.tlog
C:\Users\yukin\Desktop\Nagaoka Yuki\3年\前期\GM31\2017_09_07_GM31_MOTION\Debug\link.13556.read.1.tlog
C:\Users\yukin\Desktop\Nagaoka Yuki\3年\前期\GM31\2017_09_07_GM31_MOTION\Debug\link.13556.write.1.tlog
C:\Users\yukin\Desktop\Nagaoka Yuki\3年\前期\GM31\2017_09_07_GM31_MOTION\Debug\link.13556-cvtres.read.1.tlog
C:\Users\yukin\Desktop\Nagaoka Yuki\3年\前期\GM31\2017_09_07_GM31_MOTION\Debug\link.13556-cvtres.write.1.tlog
C:\Users\yukin\Desktop\Nagaoka Yuki\3年\前期\GM31\2017_09_07_GM31_MOTION\Debug\link.13580.read.1.tlog
C:\Users\yukin\Desktop\Nagaoka Yuki\3年\前期\GM31\2017_09_07_GM31_MOTION\Debug\link.13580.write.1.tlog
C:\Users\yukin\Desktop\Nagaoka Yuki\3年\前期\GM31\2017_09_07_GM31_MOTION\Debug\link.13580-cvtres.read.1.tlog
C:\Users\yukin\Desktop\Nagaoka Yuki\3年\前期\GM31\2017_09_07_GM31_MOTION\Debug\link.13580-cvtres.write.1.tlog
C:\Users\yukin\Desktop\Nagaoka Yuki\3年\前期\GM31\2017_09_07_GM31_MOTION\Debug\link.13608.read.1.tlog
C:\Users\yukin\Desktop\Nagaoka Yuki\3年\前期\GM31\2017_09_07_GM31_MOTION\Debug\link.13608.write.1.tlog
C:\Users\yukin\Desktop\Nagaoka Yuki\3年\前期\GM31\2017_09_07_GM31_MOTION\Debug\link.13608-cvtres.read.1.tlog
C:\Users\yukin\Desktop\Nagaoka Yuki\3年\前期\GM31\2017_09_07_GM31_MOTION\Debug\link.13608-cvtres.write.1.tlog
C:\Users\yukin\Desktop\Nagaoka Yuki\3年\前期\GM31\2017_09_07_GM31_MOTION\Debug\link.13628.read.1.tlog
C:\Users\yukin\Desktop\Nagaoka Yuki\3年\前期\GM31\2017_09_07_GM31_MOTION\Debug\link.13628.write.1.tlog
C:\Users\yukin\Desktop\Nagaoka Yuki\3年\前期\GM31\2017_09_07_GM31_MOTION\Debug\link.13628-cvtres.read.1.tlog
C:\Users\yukin\Desktop\Nagaoka Yuki\3年\前期\GM31\2017_09_07_GM31_MOTION\Debug\link.13628-cvtres.write.1.tlog
C:\Users\yukin\Desktop\Nagaoka Yuki\3年\前期\GM31\2017_09_07_GM31_MOTION\Debug\link.13848.read.1.tlog
C:\Users\yukin\Desktop\Nagaoka Yuki\3年\前期\GM31\2017_09_07_GM31_MOTION\Debug\link.13848.write.1.tlog
C:\Users\yukin\Desktop\Nagaoka Yuki\3年\前期\GM31\2017_09_07_GM31_MOTION\Debug\link.13848-cvtres.read.1.tlog
C:\Users\yukin\Desktop\Nagaoka Yuki\3年\前期\GM31\2017_09_07_GM31_MOTION\Debug\link.13848-cvtres.write.1.tlog
C:\Users\yukin\Desktop\Nagaoka Yuki\3年\前期\GM31\2017_09_07_GM31_MOTION\Debug\link.14012.read.1.tlog
C:\Users\yukin\Desktop\Nagaoka Yuki\3年\前期\GM31\2017_09_07_GM31_MOTION\Debug\link.14012.write.1.tlog
C:\Users\yukin\Desktop\Nagaoka Yuki\3年\前期\GM31\2017_09_07_GM31_MOTION\Debug\link.14012-cvtres.read.1.tlog
C:\Users\yukin\Desktop\Nagaoka Yuki\3年\前期\GM31\2017_09_07_GM31_MOTION\Debug\link.14012-cvtres.write.1.tlog
C:\Users\yukin\Desktop\Nagaoka Yuki\3年\前期\GM31\2017_09_07_GM31_MOTION\Debug\link.14496.read.1.tlog
C:\Users\yukin\Desktop\Nagaoka Yuki\3年\前期\GM31\2017_09_07_GM31_MOTION\Debug\link.14496.write.1.tlog
C:\Users\yukin\Desktop\Nagaoka Yuki\3年\前期\GM31\2017_09_07_GM31_MOTION\Debug\link.14496-cvtres.read.1.tlog
C:\Users\yukin\Desktop\Nagaoka Yuki\3年\前期\GM31\2017_09_07_GM31_MOTION\Debug\link.14496-cvtres.write.1.tlog
C:\Users\yukin\Desktop\Nagaoka Yuki\3年\前期\GM31\2017_09_07_GM31_MOTION\Debug\link.14792.read.1.tlog
C:\Users\yukin\Desktop\Nagaoka Yuki\3年\前期\GM31\2017_09_07_GM31_MOTION\Debug\link.14792.write.1.tlog
C:\Users\yukin\Desktop\Nagaoka Yuki\3年\前期\GM31\2017_09_07_GM31_MOTION\Debug\link.14792-cvtres.read.1.tlog
C:\Users\yukin\Desktop\Nagaoka Yuki\3年\前期\GM31\2017_09_07_GM31_MOTION\Debug\link.14792-cvtres.write.1.tlog
C:\Users\yukin\Desktop\Nagaoka Yuki\3年\前期\GM31\2017_09_07_GM31_MOTION\Debug\link.15100.read.1.tlog
C:\Users\yukin\Desktop\Nagaoka Yuki\3年\前期\GM31\2017_09_07_GM31_MOTION\Debug\link.15100.write.1.tlog
C:\Users\yukin\Desktop\Nagaoka Yuki\3年\前期\GM31\2017_09_07_GM31_MOTION\Debug\link.15100-cvtres.read.1.tlog
C:\Users\yukin\Desktop\Nagaoka Yuki\3年\前期\GM31\2017_09_07_GM31_MOTION\Debug\link.15100-cvtres.write.1.tlog
C:\Users\yukin\Desktop\Nagaoka Yuki\3年\前期\GM31\2017_09_07_GM31_MOTION\Debug\link.15260.read.1.tlog
C:\Users\yukin\Desktop\Nagaoka Yuki\3年\前期\GM31\2017_09_07_GM31_MOTION\Debug\link.15260.write.1.tlog
C:\Users\yukin\Desktop\Nagaoka Yuki\3年\前期\GM31\2017_09_07_GM31_MOTION\Debug\link.15260-cvtres.read.1.tlog
C:\Users\yukin\Desktop\Nagaoka Yuki\3年\前期\GM31\2017_09_07_GM31_MOTION\Debug\link.15260-cvtres.write.1.tlog
C:\Users\yukin\Desktop\Nagaoka Yuki\3年\前期\GM31\2017_09_07_GM31_MOTION\Debug\link.15616.read.1.tlog
C:\Users\yukin\Desktop\Nagaoka Yuki\3年\前期\GM31\2017_09_07_GM31_MOTION\Debug\link.15616.write.1.tlog
C:\Users\yukin\Desktop\Nagaoka Yuki\3年\前期\GM31\2017_09_07_GM31_MOTION\Debug\link.15616-cvtres.read.1.tlog
C:\Users\yukin\Desktop\Nagaoka Yuki\3年\前期\GM31\2017_09_07_GM31_MOTION\Debug\link.15616-cvtres.write.1.tlog
C:\Users\yukin\Desktop\Nagaoka Yuki\3年\前期\GM31\2017_09_07_GM31_MOTION\Debug\link.15832.read.1.tlog
C:\Users\yukin\Desktop\Nagaoka Yuki\3年\前期\GM31\2017_09_07_GM31_MOTION\Debug\link.15832.write.1.tlog
C:\Users\yukin\Desktop\Nagaoka Yuki\3年\前期\GM31\2017_09_07_GM31_MOTION\Debug\link.15832-cvtres.read.1.tlog
C:\Users\yukin\Desktop\Nagaoka Yuki\3年\前期\GM31\2017_09_07_GM31_MOTION\Debug\link.15832-cvtres.write.1.tlog
C:\Users\yukin\Desktop\Nagaoka Yuki\3年\前期\GM31\2017_09_07_GM31_MOTION\Debug\link.1596.read.1.tlog
C:\Users\yukin\Desktop\Nagaoka Yuki\3年\前期\GM31\2017_09_07_GM31_MOTION\Debug\link.1596.write.1.tlog
C:\Users\yukin\Desktop\Nagaoka Yuki\3年\前期\GM31\2017_09_07_GM31_MOTION\Debug\link.1596-cvtres.read.1.tlog
C:\Users\yukin\Desktop\Nagaoka Yuki\3年\前期\GM31\2017_09_07_GM31_MOTION\Debug\link.1596-cvtres.write.1.tlog
C:\Users\yukin\Desktop\Nagaoka Yuki\3年\前期\GM31\2017_09_07_GM31_MOTION\Debug\link.16068.read.1.tlog
C:\Users\yukin\Desktop\Nagaoka Yuki\3年\前期\GM31\2017_09_07_GM31_MOTION\Debug\link.16068.write.1.tlog
C:\Users\yukin\Desktop\Nagaoka Yuki\3年\前期\GM31\2017_09_07_GM31_MOTION\Debug\link.16068-cvtres.read.1.tlog
C:\Users\yukin\Desktop\Nagaoka Yuki\3年\前期\GM31\2017_09_07_GM31_MOTION\Debug\link.16068-cvtres.write.1.tlog
C:\Users\yukin\Desktop\Nagaoka Yuki\3年\前期\GM31\2017_09_07_GM31_MOTION\Debug\link.16200.read.1.tlog
C:\Users\yukin\Desktop\Nagaoka Yuki\3年\前期\GM31\2017_09_07_GM31_MOTION\Debug\link.16200.write.1.tlog
C:\Users\yukin\Desktop\Nagaoka Yuki\3年\前期\GM31\2017_09_07_GM31_MOTION\Debug\link.16200-cvtres.read.1.tlog
C:\Users\yukin\Desktop\Nagaoka Yuki\3年\前期\GM31\2017_09_07_GM31_MOTION\Debug\link.16200-cvtres.write.1.tlog
C:\Users\yukin\Desktop\Nagaoka Yuki\3年\前期\GM31\2017_09_07_GM31_MOTION\Debug\link.16344.read.1.tlog
C:\Users\yukin\Desktop\Nagaoka Yuki\3年\前期\GM31\2017_09_07_GM31_MOTION\Debug\link.16344.write.1.tlog
C:\Users\yukin\Desktop\Nagaoka Yuki\3年\前期\GM31\2017_09_07_GM31_MOTION\Debug\link.16344-cvtres.read.1.tlog
C:\Users\yukin\Desktop\Nagaoka Yuki\3年\前期\GM31\2017_09_07_GM31_MOTION\Debug\link.16344-cvtres.write.1.tlog
C:\Users\yukin\Desktop\Nagaoka Yuki\3年\前期\GM31\2017_09_07_GM31_MOTION\Debug\link.1652.read.1.tlog
C:\Users\yukin\Desktop\Nagaoka Yuki\3年\前期\GM31\2017_09_07_GM31_MOTION\Debug\link.1652.write.1.tlog
C:\Users\yukin\Desktop\Nagaoka Yuki\3年\前期\GM31\2017_09_07_GM31_MOTION\Debug\link.1652-cvtres.read.1.tlog
C:\Users\yukin\Desktop\Nagaoka Yuki\3年\前期\GM31\2017_09_07_GM31_MOTION\Debug\link.1652-cvtres.write.1.tlog
C:\Users\yukin\Desktop\Nagaoka Yuki\3年\前期\GM31\2017_09_07_GM31_MOTION\Debug\link.16856.read.1.tlog
C:\Users\yukin\Desktop\Nagaoka Yuki\3年\前期\GM31\2017_09_07_GM31_MOTION\Debug\link.16856.write.1.tlog
C:\Users\yukin\Desktop\Nagaoka Yuki\3年\前期\GM31\2017_09_07_GM31_MOTION\Debug\link.16856-cvtres.read.1.tlog
C:\Users\yukin\Desktop\Nagaoka Yuki\3年\前期\GM31\2017_09_07_GM31_MOTION\Debug\link.16856-cvtres.write.1.tlog
C:\Users\yukin\Desktop\Nagaoka Yuki\3年\前期\GM31\2017_09_07_GM31_MOTION\Debug\link.16860.read.1.tlog
C:\Users\yukin\Desktop\Nagaoka Yuki\3年\前期\GM31\2017_09_07_GM31_MOTION\Debug\link.16860.write.1.tlog
C:\Users\yukin\Desktop\Nagaoka Yuki\3年\前期\GM31\2017_09_07_GM31_MOTION\Debug\link.16860-cvtres.read.1.tlog
C:\Users\yukin\Desktop\Nagaoka Yuki\3年\前期\GM31\2017_09_07_GM31_MOTION\Debug\link.16860-cvtres.write.1.tlog
C:\Users\yukin\Desktop\Nagaoka Yuki\3年\前期\GM31\2017_09_07_GM31_MOTION\Debug\link.16864.read.1.tlog
C:\Users\yukin\Desktop\Nagaoka Yuki\3年\前期\GM31\2017_09_07_GM31_MOTION\Debug\link.16864.write.1.tlog
C:\Users\yukin\Desktop\Nagaoka Yuki\3年\前期\GM31\2017_09_07_GM31_MOTION\Debug\link.16864-cvtres.read.1.tlog
C:\Users\yukin\Desktop\Nagaoka Yuki\3年\前期\GM31\2017_09_07_GM31_MOTION\Debug\link.16864-cvtres.write.1.tlog
C:\Users\yukin\Desktop\Nagaoka Yuki\3年\前期\GM31\2017_09_07_GM31_MOTION\Debug\link.1708.read.1.tlog
C:\Users\yukin\Desktop\Nagaoka Yuki\3年\前期\GM31\2017_09_07_GM31_MOTION\Debug\link.1708.write.1.tlog
C:\Users\yukin\Desktop\Nagaoka Yuki\3年\前期\GM31\2017_09_07_GM31_MOTION\Debug\link.1708-cvtres.read.1.tlog
C:\Users\yukin\Desktop\Nagaoka Yuki\3年\前期\GM31\2017_09_07_GM31_MOTION\Debug\link.1708-cvtres.write.1.tlog
C:\Users\yukin\Desktop\Nagaoka Yuki\3年\前期\GM31\2017_09_07_GM31_MOTION\Debug\link.1716.read.1.tlog
C:\Users\yukin\Desktop\Nagaoka Yuki\3年\前期\GM31\2017_09_07_GM31_MOTION\Debug\link.1716.write.1.tlog
C:\Users\yukin\Desktop\Nagaoka Yuki\3年\前期\GM31\2017_09_07_GM31_MOTION\Debug\link.1716-cvtres.read.1.tlog
C:\Users\yukin\Desktop\Nagaoka Yuki\3年\前期\GM31\2017_09_07_GM31_MOTION\Debug\link.1716-cvtres.write.1.tlog
C:\Users\yukin\Desktop\Nagaoka Yuki\3年\前期\GM31\2017_09_07_GM31_MOTION\Debug\link.17868.read.1.tlog
C:\Users\yukin\Desktop\Nagaoka Yuki\3年\前期\GM31\2017_09_07_GM31_MOTION\Debug\link.17868.write.1.tlog
C:\Users\yukin\Desktop\Nagaoka Yuki\3年\前期\GM31\2017_09_07_GM31_MOTION\Debug\link.17868-cvtres.read.1.tlog
C:\Users\yukin\Desktop\Nagaoka Yuki\3年\前期\GM31\2017_09_07_GM31_MOTION\Debug\link.17868-cvtres.write.1.tlog
C:\Users\yukin\Desktop\Nagaoka Yuki\3年\前期\GM31\2017_09_07_GM31_MOTION\Debug\link.18300.read.1.tlog
C:\Users\yukin\Desktop\Nagaoka Yuki\3年\前期\GM31\2017_09_07_GM31_MOTION\Debug\link.18300.write.1.tlog
C:\Users\yukin\Desktop\Nagaoka Yuki\3年\前期\GM31\2017_09_07_GM31_MOTION\Debug\link.18300-cvtres.read.1.tlog
C:\Users\yukin\Desktop\Nagaoka Yuki\3年\前期\GM31\2017_09_07_GM31_MOTION\Debug\link.18300-cvtres.write.1.tlog
C:\Users\yukin\Desktop\Nagaoka Yuki\3年\前期\GM31\2017_09_07_GM31_MOTION\Debug\link.18780.read.1.tlog
C:\Users\yukin\Desktop\Nagaoka Yuki\3年\前期\GM31\2017_09_07_GM31_MOTION\Debug\link.18780.write.1.tlog
C:\Users\yukin\Desktop\Nagaoka Yuki\3年\前期\GM31\2017_09_07_GM31_MOTION\Debug\link.18780-cvtres.read.1.tlog
C:\Users\yukin\Desktop\Nagaoka Yuki\3年\前期\GM31\2017_09_07_GM31_MOTION\Debug\link.18780-cvtres.write.1.tlog
C:\Users\yukin\Desktop\Nagaoka Yuki\3年\前期\GM31\2017_09_07_GM31_MOTION\Debug\link.18924.read.1.tlog
C:\Users\yukin\Desktop\Nagaoka Yuki\3年\前期\GM31\2017_09_07_GM31_MOTION\Debug\link.18924.write.1.tlog
C:\Users\yukin\Desktop\Nagaoka Yuki\3年\前期\GM31\2017_09_07_GM31_MOTION\Debug\link.18924-cvtres.read.1.tlog
C:\Users\yukin\Desktop\Nagaoka Yuki\3年\前期\GM31\2017_09_07_GM31_MOTION\Debug\link.18924-cvtres.write.1.tlog
C:\Users\yukin\Desktop\Nagaoka Yuki\3年\前期\GM31\2017_09_07_GM31_MOTION\Debug\link.18972.read.1.tlog
C:\Users\yukin\Desktop\Nagaoka Yuki\3年\前期\GM31\2017_09_07_GM31_MOTION\Debug\link.18972.write.1.tlog
C:\Users\yukin\Desktop\Nagaoka Yuki\3年\前期\GM31\2017_09_07_GM31_MOTION\Debug\link.18972-cvtres.read.1.tlog
C:\Users\yukin\Desktop\Nagaoka Yuki\3年\前期\GM31\2017_09_07_GM31_MOTION\Debug\link.18972-cvtres.write.1.tlog
C:\Users\yukin\Desktop\Nagaoka Yuki\3年\前期\GM31\2017_09_07_GM31_MOTION\Debug\link.19512.read.1.tlog
C:\Users\yukin\Desktop\Nagaoka Yuki\3年\前期\GM31\2017_09_07_GM31_MOTION\Debug\link.19512.write.1.tlog
C:\Users\yukin\Desktop\Nagaoka Yuki\3年\前期\GM31\2017_09_07_GM31_MOTION\Debug\link.19512-cvtres.read.1.tlog
C:\Users\yukin\Desktop\Nagaoka Yuki\3年\前期\GM31\2017_09_07_GM31_MOTION\Debug\link.19512-cvtres.write.1.tlog
C:\Users\yukin\Desktop\Nagaoka Yuki\3年\前期\GM31\2017_09_07_GM31_MOTION\Debug\link.1984.read.1.tlog
C:\Users\yukin\Desktop\Nagaoka Yuki\3年\前期\GM31\2017_09_07_GM31_MOTION\Debug\link.1984.write.1.tlog
C:\Users\yukin\Desktop\Nagaoka Yuki\3年\前期\GM31\2017_09_07_GM31_MOTION\Debug\link.1984-cvtres.read.1.tlog
C:\Users\yukin\Desktop\Nagaoka Yuki\3年\前期\GM31\2017_09_07_GM31_MOTION\Debug\link.1984-cvtres.write.1.tlog
C:\Users\yukin\Desktop\Nagaoka Yuki\3年\前期\GM31\2017_09_07_GM31_MOTION\Debug\link.20472.read.1.tlog
C:\Users\yukin\Desktop\Nagaoka Yuki\3年\前期\GM31\2017_09_07_GM31_MOTION\Debug\link.20472.write.1.tlog
C:\Users\yukin\Desktop\Nagaoka Yuki\3年\前期\GM31\2017_09_07_GM31_MOTION\Debug\link.20472-cvtres.read.1.tlog
C:\Users\yukin\Desktop\Nagaoka Yuki\3年\前期\GM31\2017_09_07_GM31_MOTION\Debug\link.20472-cvtres.write.1.tlog
C:\Users\yukin\Desktop\Nagaoka Yuki\3年\前期\GM31\2017_09_07_GM31_MOTION\Debug\link.21108.read.1.tlog
C:\Users\yukin\Desktop\Nagaoka Yuki\3年\前期\GM31\2017_09_07_GM31_MOTION\Debug\link.21108.write.1.tlog
C:\Users\yukin\Desktop\Nagaoka Yuki\3年\前期\GM31\2017_09_07_GM31_MOTION\Debug\link.21108-cvtres.read.1.tlog
C:\Users\yukin\Desktop\Nagaoka Yuki\3年\前期\GM31\2017_09_07_GM31_MOTION\Debug\link.21108-cvtres.write.1.tlog
C:\Users\yukin\Desktop\Nagaoka Yuki\3年\前期\GM31\2017_09_07_GM31_MOTION\Debug\link.23152.read.1.tlog
C:\Users\yukin\Desktop\Nagaoka Yuki\3年\前期\GM31\2017_09_07_GM31_MOTION\Debug\link.23152.write.1.tlog
C:\Users\yukin\Desktop\Nagaoka Yuki\3年\前期\GM31\2017_09_07_GM31_MOTION\Debug\link.23152-cvtres.read.1.tlog
C:\Users\yukin\Desktop\Nagaoka Yuki\3年\前期\GM31\2017_09_07_GM31_MOTION\Debug\link.23152-cvtres.write.1.tlog
C:\Users\yukin\Desktop\Nagaoka Yuki\3年\前期\GM31\2017_09_07_GM31_MOTION\Debug\link.2428.read.1.tlog
C:\Users\yukin\Desktop\Nagaoka Yuki\3年\前期\GM31\2017_09_07_GM31_MOTION\Debug\link.2428.write.1.tlog
C:\Users\yukin\Desktop\Nagaoka Yuki\3年\前期\GM31\2017_09_07_GM31_MOTION\Debug\link.2428-cvtres.read.1.tlog
C:\Users\yukin\Desktop\Nagaoka Yuki\3年\前期\GM31\2017_09_07_GM31_MOTION\Debug\link.2428-cvtres.write.1.tlog
C:\Users\yukin\Desktop\Nagaoka Yuki\3年\前期\GM31\2017_09_07_GM31_MOTION\Debug\link.24740.read.1.tlog
C:\Users\yukin\Desktop\Nagaoka Yuki\3年\前期\GM31\2017_09_07_GM31_MOTION\Debug\link.24740.write.1.tlog
C:\Users\yukin\Desktop\Nagaoka Yuki\3年\前期\GM31\2017_09_07_GM31_MOTION\Debug\link.24740-cvtres.read.1.tlog
C:\Users\yukin\Desktop\Nagaoka Yuki\3年\前期\GM31\2017_09_07_GM31_MOTION\Debug\link.24740-cvtres.write.1.tlog
C:\Users\yukin\Desktop\Nagaoka Yuki\3年\前期\GM31\2017_09_07_GM31_MOTION\Debug\link.25360.read.1.tlog
C:\Users\yukin\Desktop\Nagaoka Yuki\3年\前期\GM31\2017_09_07_GM31_MOTION\Debug\link.25360.write.1.tlog
C:\Users\yukin\Desktop\Nagaoka Yuki\3年\前期\GM31\2017_09_07_GM31_MOTION\Debug\link.25360-cvtres.read.1.tlog
C:\Users\yukin\Desktop\Nagaoka Yuki\3年\前期\GM31\2017_09_07_GM31_MOTION\Debug\link.25360-cvtres.write.1.tlog
C:\Users\yukin\Desktop\Nagaoka Yuki\3年\前期\GM31\2017_09_07_GM31_MOTION\Debug\link.2636.read.1.tlog
C:\Users\yukin\Desktop\Nagaoka Yuki\3年\前期\GM31\2017_09_07_GM31_MOTION\Debug\link.2636.write.1.tlog
C:\Users\yukin\Desktop\Nagaoka Yuki\3年\前期\GM31\2017_09_07_GM31_MOTION\Debug\link.2636-cvtres.read.1.tlog
C:\Users\yukin\Desktop\Nagaoka Yuki\3年\前期\GM31\2017_09_07_GM31_MOTION\Debug\link.2636-cvtres.write.1.tlog
C:\Users\yukin\Desktop\Nagaoka Yuki\3年\前期\GM31\2017_09_07_GM31_MOTION\Debug\link.2848.read.1.tlog
C:\Users\yukin\Desktop\Nagaoka Yuki\3年\前期\GM31\2017_09_07_GM31_MOTION\Debug\link.2848.write.1.tlog
C:\Users\yukin\Desktop\Nagaoka Yuki\3年\前期\GM31\2017_09_07_GM31_MOTION\Debug\link.2848-cvtres.read.1.tlog
C:\Users\yukin\Desktop\Nagaoka Yuki\3年\前期\GM31\2017_09_07_GM31_MOTION\Debug\link.2848-cvtres.write.1.tlog
C:\Users\yukin\Desktop\Nagaoka Yuki\3年\前期\GM31\2017_09_07_GM31_MOTION\Debug\link.3008.read.1.tlog
C:\Users\yukin\Desktop\Nagaoka Yuki\3年\前期\GM31\2017_09_07_GM31_MOTION\Debug\link.3008.write.1.tlog
C:\Users\yukin\Desktop\Nagaoka Yuki\3年\前期\GM31\2017_09_07_GM31_MOTION\Debug\link.3008-cvtres.read.1.tlog
C:\Users\yukin\Desktop\Nagaoka Yuki\3年\前期\GM31\2017_09_07_GM31_MOTION\Debug\link.3008-cvtres.write.1.tlog
C:\Users\yukin\Desktop\Nagaoka Yuki\3年\前期\GM31\2017_09_07_GM31_MOTION\Debug\link.3284.read.1.tlog
C:\Users\yukin\Desktop\Nagaoka Yuki\3年\前期\GM31\2017_09_07_GM31_MOTION\Debug\link.3284.write.1.tlog
C:\Users\yukin\Desktop\Nagaoka Yuki\3年\前期\GM31\2017_09_07_GM31_MOTION\Debug\link.3284-cvtres.read.1.tlog
C:\Users\yukin\Desktop\Nagaoka Yuki\3年\前期\GM31\2017_09_07_GM31_MOTION\Debug\link.3284-cvtres.write.1.tlog
C:\Users\yukin\Desktop\Nagaoka Yuki\3年\前期\GM31\2017_09_07_GM31_MOTION\Debug\link.3332.read.1.tlog
C:\Users\yukin\Desktop\Nagaoka Yuki\3年\前期\GM31\2017_09_07_GM31_MOTION\Debug\link.3332.write.1.tlog
C:\Users\yukin\Desktop\Nagaoka Yuki\3年\前期\GM31\2017_09_07_GM31_MOTION\Debug\link.3332-cvtres.read.1.tlog
C:\Users\yukin\Desktop\Nagaoka Yuki\3年\前期\GM31\2017_09_07_GM31_MOTION\Debug\link.3332-cvtres.write.1.tlog
C:\Users\yukin\Desktop\Nagaoka Yuki\3年\前期\GM31\2017_09_07_GM31_MOTION\Debug\link.3360.read.1.tlog
C:\Users\yukin\Desktop\Nagaoka Yuki\3年\前期\GM31\2017_09_07_GM31_MOTION\Debug\link.3360.write.1.tlog
C:\Users\yukin\Desktop\Nagaoka Yuki\3年\前期\GM31\2017_09_07_GM31_MOTION\Debug\link.3360-cvtres.read.1.tlog
C:\Users\yukin\Desktop\Nagaoka Yuki\3年\前期\GM31\2017_09_07_GM31_MOTION\Debug\link.3360-cvtres.write.1.tlog
C:\Users\yukin\Desktop\Nagaoka Yuki\3年\前期\GM31\2017_09_07_GM31_MOTION\Debug\link.3932.read.1.tlog
C:\Users\yukin\Desktop\Nagaoka Yuki\3年\前期\GM31\2017_09_07_GM31_MOTION\Debug\link.3932.write.1.tlog
C:\Users\yukin\Desktop\Nagaoka Yuki\3年\前期\GM31\2017_09_07_GM31_MOTION\Debug\link.3932-cvtres.read.1.tlog
C:\Users\yukin\Desktop\Nagaoka Yuki\3年\前期\GM31\2017_09_07_GM31_MOTION\Debug\link.3932-cvtres.write.1.tlog
C:\Users\yukin\Desktop\Nagaoka Yuki\3年\前期\GM31\2017_09_07_GM31_MOTION\Debug\link.4028.read.1.tlog
C:\Users\yukin\Desktop\Nagaoka Yuki\3年\前期\GM31\2017_09_07_GM31_MOTION\Debug\link.4028.write.1.tlog
C:\Users\yukin\Desktop\Nagaoka Yuki\3年\前期\GM31\2017_09_07_GM31_MOTION\Debug\link.4028-cvtres.read.1.tlog
C:\Users\yukin\Desktop\Nagaoka Yuki\3年\前期\GM31\2017_09_07_GM31_MOTION\Debug\link.4028-cvtres.write.1.tlog
C:\Users\yukin\Desktop\Nagaoka Yuki\3年\前期\GM31\2017_09_07_GM31_MOTION\Debug\link.4060.read.1.tlog
C:\Users\yukin\Desktop\Nagaoka Yuki\3年\前期\GM31\2017_09_07_GM31_MOTION\Debug\link.4060.write.1.tlog
C:\Users\yukin\Desktop\Nagaoka Yuki\3年\前期\GM31\2017_09_07_GM31_MOTION\Debug\link.4060-cvtres.read.1.tlog
C:\Users\yukin\Desktop\Nagaoka Yuki\3年\前期\GM31\2017_09_07_GM31_MOTION\Debug\link.4060-cvtres.write.1.tlog
C:\Users\yukin\Desktop\Nagaoka Yuki\3年\前期\GM31\2017_09_07_GM31_MOTION\Debug\link.412.read.1.tlog
C:\Users\yukin\Desktop\Nagaoka Yuki\3年\前期\GM31\2017_09_07_GM31_MOTION\Debug\link.412.write.1.tlog
C:\Users\yukin\Desktop\Nagaoka Yuki\3年\前期\GM31\2017_09_07_GM31_MOTION\Debug\link.412-cvtres.read.1.tlog
C:\Users\yukin\Desktop\Nagaoka Yuki\3年\前期\GM31\2017_09_07_GM31_MOTION\Debug\link.412-cvtres.write.1.tlog
C:\Users\yukin\Desktop\Nagaoka Yuki\3年\前期\GM31\2017_09_07_GM31_MOTION\Debug\link.4272.read.1.tlog
C:\Users\yukin\Desktop\Nagaoka Yuki\3年\前期\GM31\2017_09_07_GM31_MOTION\Debug\link.4272.write.1.tlog
C:\Users\yukin\Desktop\Nagaoka Yuki\3年\前期\GM31\2017_09_07_GM31_MOTION\Debug\link.4272-cvtres.read.1.tlog
C:\Users\yukin\Desktop\Nagaoka Yuki\3年\前期\GM31\2017_09_07_GM31_MOTION\Debug\link.4272-cvtres.write.1.tlog
C:\Users\yukin\Desktop\Nagaoka Yuki\3年\前期\GM31\2017_09_07_GM31_MOTION\Debug\link.4284.read.1.tlog
C:\Users\yukin\Desktop\Nagaoka Yuki\3年\前期\GM31\2017_09_07_GM31_MOTION\Debug\link.4284.write.1.tlog
C:\Users\yukin\Desktop\Nagaoka Yuki\3年\前期\GM31\2017_09_07_GM31_MOTION\Debug\link.4284-cvtres.read.1.tlog
C:\Users\yukin\Desktop\Nagaoka Yuki\3年\前期\GM31\2017_09_07_GM31_MOTION\Debug\link.4284-cvtres.write.1.tlog
C:\Users\yukin\Desktop\Nagaoka Yuki\3年\前期\GM31\2017_09_07_GM31_MOTION\Debug\link.4288.read.1.tlog
C:\Users\yukin\Desktop\Nagaoka Yuki\3年\前期\GM31\2017_09_07_GM31_MOTION\Debug\link.4288.write.1.tlog
C:\Users\yukin\Desktop\Nagaoka Yuki\3年\前期\GM31\2017_09_07_GM31_MOTION\Debug\link.4288-cvtres.read.1.tlog
C:\Users\yukin\Desktop\Nagaoka Yuki\3年\前期\GM31\2017_09_07_GM31_MOTION\Debug\link.4288-cvtres.write.1.tlog
C:\Users\yukin\Desktop\Nagaoka Yuki\3年\前期\GM31\2017_09_07_GM31_MOTION\Debug\link.440.read.1.tlog
C:\Users\yukin\Desktop\Nagaoka Yuki\3年\前期\GM31\2017_09_07_GM31_MOTION\Debug\link.440.write.1.tlog
C:\Users\yukin\Desktop\Nagaoka Yuki\3年\前期\GM31\2017_09_07_GM31_MOTION\Debug\link.440-cvtres.read.1.tlog
C:\Users\yukin\Desktop\Nagaoka Yuki\3年\前期\GM31\2017_09_07_GM31_MOTION\Debug\link.440-cvtres.write.1.tlog
C:\Users\yukin\Desktop\Nagaoka Yuki\3年\前期\GM31\2017_09_07_GM31_MOTION\Debug\link.4580.read.1.tlog
C:\Users\yukin\Desktop\Nagaoka Yuki\3年\前期\GM31\2017_09_07_GM31_MOTION\Debug\link.4580.write.1.tlog
C:\Users\yukin\Desktop\Nagaoka Yuki\3年\前期\GM31\2017_09_07_GM31_MOTION\Debug\link.4580-cvtres.read.1.tlog
C:\Users\yukin\Desktop\Nagaoka Yuki\3年\前期\GM31\2017_09_07_GM31_MOTION\Debug\link.4580-cvtres.write.1.tlog
C:\Users\yukin\Desktop\Nagaoka Yuki\3年\前期\GM31\2017_09_07_GM31_MOTION\Debug\link.4600.read.1.tlog
C:\Users\yukin\Desktop\Nagaoka Yuki\3年\前期\GM31\2017_09_07_GM31_MOTION\Debug\link.4600.write.1.tlog
C:\Users\yukin\Desktop\Nagaoka Yuki\3年\前期\GM31\2017_09_07_GM31_MOTION\Debug\link.4644.read.1.tlog
C:\Users\yukin\Desktop\Nagaoka Yuki\3年\前期\GM31\2017_09_07_GM31_MOTION\Debug\link.4644.write.1.tlog
C:\Users\yukin\Desktop\Nagaoka Yuki\3年\前期\GM31\2017_09_07_GM31_MOTION\Debug\link.4644-cvtres.read.1.tlog
C:\Users\yukin\Desktop\Nagaoka Yuki\3年\前期\GM31\2017_09_07_GM31_MOTION\Debug\link.4644-cvtres.write.1.tlog
C:\Users\yukin\Desktop\Nagaoka Yuki\3年\前期\GM31\2017_09_07_GM31_MOTION\Debug\link.4680.read.1.tlog
C:\Users\yukin\Desktop\Nagaoka Yuki\3年\前期\GM31\2017_09_07_GM31_MOTION\Debug\link.4680.write.1.tlog
C:\Users\yukin\Desktop\Nagaoka Yuki\3年\前期\GM31\2017_09_07_GM31_MOTION\Debug\link.4680-cvtres.read.1.tlog
C:\Users\yukin\Desktop\Nagaoka Yuki\3年\前期\GM31\2017_09_07_GM31_MOTION\Debug\link.4680-cvtres.write.1.tlog
C:\Users\yukin\Desktop\Nagaoka Yuki\3年\前期\GM31\2017_09_07_GM31_MOTION\Debug\link.4736.read.1.tlog
C:\Users\yukin\Desktop\Nagaoka Yuki\3年\前期\GM31\2017_09_07_GM31_MOTION\Debug\link.4736.write.1.tlog
C:\Users\yukin\Desktop\Nagaoka Yuki\3年\前期\GM31\2017_09_07_GM31_MOTION\Debug\link.4736-cvtres.read.1.tlog
C:\Users\yukin\Desktop\Nagaoka Yuki\3年\前期\GM31\2017_09_07_GM31_MOTION\Debug\link.4736-cvtres.write.1.tlog
C:\Users\yukin\Desktop\Nagaoka Yuki\3年\前期\GM31\2017_09_07_GM31_MOTION\Debug\link.4952.read.1.tlog
C:\Users\yukin\Desktop\Nagaoka Yuki\3年\前期\GM31\2017_09_07_GM31_MOTION\Debug\link.4952.write.1.tlog
C:\Users\yukin\Desktop\Nagaoka Yuki\3年\前期\GM31\2017_09_07_GM31_MOTION\Debug\link.4952-cvtres.read.1.tlog
C:\Users\yukin\Desktop\Nagaoka Yuki\3年\前期\GM31\2017_09_07_GM31_MOTION\Debug\link.4952-cvtres.write.1.tlog
C:\Users\yukin\Desktop\Nagaoka Yuki\3年\前期\GM31\2017_09_07_GM31_MOTION\Debug\link.4960.read.1.tlog
C:\Users\yukin\Desktop\Nagaoka Yuki\3年\前期\GM31\2017_09_07_GM31_MOTION\Debug\link.4960.write.1.tlog
C:\Users\yukin\Desktop\Nagaoka Yuki\3年\前期\GM31\2017_09_07_GM31_MOTION\Debug\link.4960-cvtres.read.1.tlog
C:\Users\yukin\Desktop\Nagaoka Yuki\3年\前期\GM31\2017_09_07_GM31_MOTION\Debug\link.4960-cvtres.write.1.tlog
C:\Users\yukin\Desktop\Nagaoka Yuki\3年\前期\GM31\2017_09_07_GM31_MOTION\Debug\link.5016.read.1.tlog
C:\Users\yukin\Desktop\Nagaoka Yuki\3年\前期\GM31\2017_09_07_GM31_MOTION\Debug\link.5016.write.1.tlog
C:\Users\yukin\Desktop\Nagaoka Yuki\3年\前期\GM31\2017_09_07_GM31_MOTION\Debug\link.5016-cvtres.read.1.tlog
C:\Users\yukin\Desktop\Nagaoka Yuki\3年\前期\GM31\2017_09_07_GM31_MOTION\Debug\link.5016-cvtres.write.1.tlog
C:\Users\yukin\Desktop\Nagaoka Yuki\3年\前期\GM31\2017_09_07_GM31_MOTION\Debug\link.5140.read.1.tlog
C:\Users\yukin\Desktop\Nagaoka Yuki\3年\前期\GM31\2017_09_07_GM31_MOTION\Debug\link.5140.write.1.tlog
C:\Users\yukin\Desktop\Nagaoka Yuki\3年\前期\GM31\2017_09_07_GM31_MOTION\Debug\link.5140-cvtres.read.1.tlog
C:\Users\yukin\Desktop\Nagaoka Yuki\3年\前期\GM31\2017_09_07_GM31_MOTION\Debug\link.5140-cvtres.write.1.tlog
C:\Users\yukin\Desktop\Nagaoka Yuki\3年\前期\GM31\2017_09_07_GM31_MOTION\Debug\link.5264.read.1.tlog
C:\Users\yukin\Desktop\Nagaoka Yuki\3年\前期\GM31\2017_09_07_GM31_MOTION\Debug\link.5264.write.1.tlog
C:\Users\yukin\Desktop\Nagaoka Yuki\3年\前期\GM31\2017_09_07_GM31_MOTION\Debug\link.5264-cvtres.read.1.tlog
C:\Users\yukin\Desktop\Nagaoka Yuki\3年\前期\GM31\2017_09_07_GM31_MOTION\Debug\link.5264-cvtres.write.1.tlog
C:\Users\yukin\Desktop\Nagaoka Yuki\3年\前期\GM31\2017_09_07_GM31_MOTION\Debug\link.528.read.1.tlog
C:\Users\yukin\Desktop\Nagaoka Yuki\3年\前期\GM31\2017_09_07_GM31_MOTION\Debug\link.528.write.1.tlog
C:\Users\yukin\Desktop\Nagaoka Yuki\3年\前期\GM31\2017_09_07_GM31_MOTION\Debug\link.5280.read.1.tlog
C:\Users\yukin\Desktop\Nagaoka Yuki\3年\前期\GM31\2017_09_07_GM31_MOTION\Debug\link.5280.write.1.tlog
C:\Users\yukin\Desktop\Nagaoka Yuki\3年\前期\GM31\2017_09_07_GM31_MOTION\Debug\link.5280-cvtres.read.1.tlog
C:\Users\yukin\Desktop\Nagaoka Yuki\3年\前期\GM31\2017_09_07_GM31_MOTION\Debug\link.5280-cvtres.write.1.tlog
C:\Users\yukin\Desktop\Nagaoka Yuki\3年\前期\GM31\2017_09_07_GM31_MOTION\Debug\link.528-cvtres.read.1.tlog
C:\Users\yukin\Desktop\Nagaoka Yuki\3年\前期\GM31\2017_09_07_GM31_MOTION\Debug\link.528-cvtres.write.1.tlog
C:\Users\yukin\Desktop\Nagaoka Yuki\3年\前期\GM31\2017_09_07_GM31_MOTION\Debug\link.5340.read.1.tlog
C:\Users\yukin\Desktop\Nagaoka Yuki\3年\前期\GM31\2017_09_07_GM31_MOTION\Debug\link.5340.write.1.tlog
C:\Users\yukin\Desktop\Nagaoka Yuki\3年\前期\GM31\2017_09_07_GM31_MOTION\Debug\link.5340-cvtres.read.1.tlog
C:\Users\yukin\Desktop\Nagaoka Yuki\3年\前期\GM31\2017_09_07_GM31_MOTION\Debug\link.5340-cvtres.write.1.tlog
C:\Users\yukin\Desktop\Nagaoka Yuki\3年\前期\GM31\2017_09_07_GM31_MOTION\Debug\link.5384.read.1.tlog
C:\Users\yukin\Desktop\Nagaoka Yuki\3年\前期\GM31\2017_09_07_GM31_MOTION\Debug\link.5384.write.1.tlog
C:\Users\yukin\Desktop\Nagaoka Yuki\3年\前期\GM31\2017_09_07_GM31_MOTION\Debug\link.5384-cvtres.read.1.tlog
C:\Users\yukin\Desktop\Nagaoka Yuki\3年\前期\GM31\2017_09_07_GM31_MOTION\Debug\link.5384-cvtres.write.1.tlog
C:\Users\yukin\Desktop\Nagaoka Yuki\3年\前期\GM31\2017_09_07_GM31_MOTION\Debug\link.5568.read.1.tlog
C:\Users\yukin\Desktop\Nagaoka Yuki\3年\前期\GM31\2017_09_07_GM31_MOTION\Debug\link.5568.write.1.tlog
C:\Users\yukin\Desktop\Nagaoka Yuki\3年\前期\GM31\2017_09_07_GM31_MOTION\Debug\link.5568-cvtres.read.1.tlog
C:\Users\yukin\Desktop\Nagaoka Yuki\3年\前期\GM31\2017_09_07_GM31_MOTION\Debug\link.5568-cvtres.write.1.tlog
C:\Users\yukin\Desktop\Nagaoka Yuki\3年\前期\GM31\2017_09_07_GM31_MOTION\Debug\link.5624.read.1.tlog
C:\Users\yukin\Desktop\Nagaoka Yuki\3年\前期\GM31\2017_09_07_GM31_MOTION\Debug\link.5624.write.1.tlog
C:\Users\yukin\Desktop\Nagaoka Yuki\3年\前期\GM31\2017_09_07_GM31_MOTION\Debug\link.5624-cvtres.read.1.tlog
C:\Users\yukin\Desktop\Nagaoka Yuki\3年\前期\GM31\2017_09_07_GM31_MOTION\Debug\link.5624-cvtres.write.1.tlog
C:\Users\yukin\Desktop\Nagaoka Yuki\3年\前期\GM31\2017_09_07_GM31_MOTION\Debug\link.5636.read.1.tlog
C:\Users\yukin\Desktop\Nagaoka Yuki\3年\前期\GM31\2017_09_07_GM31_MOTION\Debug\link.5636.write.1.tlog
C:\Users\yukin\Desktop\Nagaoka Yuki\3年\前期\GM31\2017_09_07_GM31_MOTION\Debug\link.5636-cvtres.read.1.tlog
C:\Users\yukin\Desktop\Nagaoka Yuki\3年\前期\GM31\2017_09_07_GM31_MOTION\Debug\link.5636-cvtres.write.1.tlog
C:\Users\yukin\Desktop\Nagaoka Yuki\3年\前期\GM31\2017_09_07_GM31_MOTION\Debug\link.5812.read.1.tlog
C:\Users\yukin\Desktop\Nagaoka Yuki\3年\前期\GM31\2017_09_07_GM31_MOTION\Debug\link.5812.write.1.tlog
C:\Users\yukin\Desktop\Nagaoka Yuki\3年\前期\GM31\2017_09_07_GM31_MOTION\Debug\link.5812-cvtres.read.1.tlog
C:\Users\yukin\Desktop\Nagaoka Yuki\3年\前期\GM31\2017_09_07_GM31_MOTION\Debug\link.5812-cvtres.write.1.tlog
C:\Users\yukin\Desktop\Nagaoka Yuki\3年\前期\GM31\2017_09_07_GM31_MOTION\Debug\link.5856.read.1.tlog
C:\Users\yukin\Desktop\Nagaoka Yuki\3年\前期\GM31\2017_09_07_GM31_MOTION\Debug\link.5856.write.1.tlog
C:\Users\yukin\Desktop\Nagaoka Yuki\3年\前期\GM31\2017_09_07_GM31_MOTION\Debug\link.5856-cvtres.read.1.tlog
C:\Users\yukin\Desktop\Nagaoka Yuki\3年\前期\GM31\2017_09_07_GM31_MOTION\Debug\link.5856-cvtres.write.1.tlog
C:\Users\yukin\Desktop\Nagaoka Yuki\3年\前期\GM31\2017_09_07_GM31_MOTION\Debug\link.5876.read.1.tlog
C:\Users\yukin\Desktop\Nagaoka Yuki\3年\前期\GM31\2017_09_07_GM31_MOTION\Debug\link.5876.write.1.tlog
C:\Users\yukin\Desktop\Nagaoka Yuki\3年\前期\GM31\2017_09_07_GM31_MOTION\Debug\link.5876-cvtres.read.1.tlog
C:\Users\yukin\Desktop\Nagaoka Yuki\3年\前期\GM31\2017_09_07_GM31_MOTION\Debug\link.5876-cvtres.write.1.tlog
C:\Users\yukin\Desktop\Nagaoka Yuki\3年\前期\GM31\2017_09_07_GM31_MOTION\Debug\link.5896.read.1.tlog
C:\Users\yukin\Desktop\Nagaoka Yuki\3年\前期\GM31\2017_09_07_GM31_MOTION\Debug\link.5896.write.1.tlog
C:\Users\yukin\Desktop\Nagaoka Yuki\3年\前期\GM31\2017_09_07_GM31_MOTION\Debug\link.5896-cvtres.read.1.tlog
C:\Users\yukin\Desktop\Nagaoka Yuki\3年\前期\GM31\2017_09_07_GM31_MOTION\Debug\link.5896-cvtres.write.1.tlog
C:\Users\yukin\Desktop\Nagaoka Yuki\3年\前期\GM31\2017_09_07_GM31_MOTION\Debug\link.5916.read.1.tlog
C:\Users\yukin\Desktop\Nagaoka Yuki\3年\前期\GM31\2017_09_07_GM31_MOTION\Debug\link.5916.write.1.tlog
C:\Users\yukin\Desktop\Nagaoka Yuki\3年\前期\GM31\2017_09_07_GM31_MOTION\Debug\link.6008.read.1.tlog
C:\Users\yukin\Desktop\Nagaoka Yuki\3年\前期\GM31\2017_09_07_GM31_MOTION\Debug\link.6008.write.1.tlog
C:\Users\yukin\Desktop\Nagaoka Yuki\3年\前期\GM31\2017_09_07_GM31_MOTION\Debug\link.6008-cvtres.read.1.tlog
C:\Users\yukin\Desktop\Nagaoka Yuki\3年\前期\GM31\2017_09_07_GM31_MOTION\Debug\link.6008-cvtres.write.1.tlog
C:\Users\yukin\Desktop\Nagaoka Yuki\3年\前期\GM31\2017_09_07_GM31_MOTION\Debug\link.616.read.1.tlog
C:\Users\yukin\Desktop\Nagaoka Yuki\3年\前期\GM31\2017_09_07_GM31_MOTION\Debug\link.616.write.1.tlog
C:\Users\yukin\Desktop\Nagaoka Yuki\3年\前期\GM31\2017_09_07_GM31_MOTION\Debug\link.616-cvtres.read.1.tlog
C:\Users\yukin\Desktop\Nagaoka Yuki\3年\前期\GM31\2017_09_07_GM31_MOTION\Debug\link.616-cvtres.write.1.tlog
C:\Users\yukin\Desktop\Nagaoka Yuki\3年\前期\GM31\2017_09_07_GM31_MOTION\Debug\link.6444.read.1.tlog
C:\Users\yukin\Desktop\Nagaoka Yuki\3年\前期\GM31\2017_09_07_GM31_MOTION\Debug\link.6444.write.1.tlog
C:\Users\yukin\Desktop\Nagaoka Yuki\3年\前期\GM31\2017_09_07_GM31_MOTION\Debug\link.6444-cvtres.read.1.tlog
C:\Users\yukin\Desktop\Nagaoka Yuki\3年\前期\GM31\2017_09_07_GM31_MOTION\Debug\link.6444-cvtres.write.1.tlog
C:\Users\yukin\Desktop\Nagaoka Yuki\3年\前期\GM31\2017_09_07_GM31_MOTION\Debug\link.664.read.1.tlog
C:\Users\yukin\Desktop\Nagaoka Yuki\3年\前期\GM31\2017_09_07_GM31_MOTION\Debug\link.664.write.1.tlog
C:\Users\yukin\Desktop\Nagaoka Yuki\3年\前期\GM31\2017_09_07_GM31_MOTION\Debug\link.664-cvtres.read.1.tlog
C:\Users\yukin\Desktop\Nagaoka Yuki\3年\前期\GM31\2017_09_07_GM31_MOTION\Debug\link.664-cvtres.write.1.tlog
C:\Users\yukin\Desktop\Nagaoka Yuki\3年\前期\GM31\2017_09_07_GM31_MOTION\Debug\link.6700.read.1.tlog
C:\Users\yukin\Desktop\Nagaoka Yuki\3年\前期\GM31\2017_09_07_GM31_MOTION\Debug\link.6700.write.1.tlog
C:\Users\yukin\Desktop\Nagaoka Yuki\3年\前期\GM31\2017_09_07_GM31_MOTION\Debug\link.6700-cvtres.read.1.tlog
C:\Users\yukin\Desktop\Nagaoka Yuki\3年\前期\GM31\2017_09_07_GM31_MOTION\Debug\link.6700-cvtres.write.1.tlog
C:\Users\yukin\Desktop\Nagaoka Yuki\3年\前期\GM31\2017_09_07_GM31_MOTION\Debug\link.6780.read.1.tlog
C:\Users\yukin\Desktop\Nagaoka Yuki\3年\前期\GM31\2017_09_07_GM31_MOTION\Debug\link.6780.write.1.tlog
C:\Users\yukin\Desktop\Nagaoka Yuki\3年\前期\GM31\2017_09_07_GM31_MOTION\Debug\link.6780-cvtres.read.1.tlog
C:\Users\yukin\Desktop\Nagaoka Yuki\3年\前期\GM31\2017_09_07_GM31_MOTION\Debug\link.6780-cvtres.write.1.tlog
C:\Users\yukin\Desktop\Nagaoka Yuki\3年\前期\GM31\2017_09_07_GM31_MOTION\Debug\link.6784.read.1.tlog
C:\Users\yukin\Desktop\Nagaoka Yuki\3年\前期\GM31\2017_09_07_GM31_MOTION\Debug\link.6784.write.1.tlog
C:\Users\yukin\Desktop\Nagaoka Yuki\3年\前期\GM31\2017_09_07_GM31_MOTION\Debug\link.6784-cvtres.read.1.tlog
C:\Users\yukin\Desktop\Nagaoka Yuki\3年\前期\GM31\2017_09_07_GM31_MOTION\Debug\link.6784-cvtres.write.1.tlog
C:\Users\yukin\Desktop\Nagaoka Yuki\3年\前期\GM31\2017_09_07_GM31_MOTION\Debug\link.6912.read.1.tlog
C:\Users\yukin\Desktop\Nagaoka Yuki\3年\前期\GM31\2017_09_07_GM31_MOTION\Debug\link.6912.write.1.tlog
C:\Users\yukin\Desktop\Nagaoka Yuki\3年\前期\GM31\2017_09_07_GM31_MOTION\Debug\link.6912-cvtres.read.1.tlog
C:\Users\yukin\Desktop\Nagaoka Yuki\3年\前期\GM31\2017_09_07_GM31_MOTION\Debug\link.6912-cvtres.write.1.tlog
C:\Users\yukin\Desktop\Nagaoka Yuki\3年\前期\GM31\2017_09_07_GM31_MOTION\Debug\link.6988.read.1.tlog
C:\Users\yukin\Desktop\Nagaoka Yuki\3年\前期\GM31\2017_09_07_GM31_MOTION\Debug\link.6988.write.1.tlog
C:\Users\yukin\Desktop\Nagaoka Yuki\3年\前期\GM31\2017_09_07_GM31_MOTION\Debug\link.6988-cvtres.read.1.tlog
C:\Users\yukin\Desktop\Nagaoka Yuki\3年\前期\GM31\2017_09_07_GM31_MOTION\Debug\link.6988-cvtres.write.1.tlog
C:\Users\yukin\Desktop\Nagaoka Yuki\3年\前期\GM31\2017_09_07_GM31_MOTION\Debug\link.6996.read.1.tlog
C:\Users\yukin\Desktop\Nagaoka Yuki\3年\前期\GM31\2017_09_07_GM31_MOTION\Debug\link.6996.write.1.tlog
C:\Users\yukin\Desktop\Nagaoka Yuki\3年\前期\GM31\2017_09_07_GM31_MOTION\Debug\link.6996-cvtres.read.1.tlog
C:\Users\yukin\Desktop\Nagaoka Yuki\3年\前期\GM31\2017_09_07_GM31_MOTION\Debug\link.6996-cvtres.write.1.tlog
C:\Users\yukin\Desktop\Nagaoka Yuki\3年\前期\GM31\2017_09_07_GM31_MOTION\Debug\link.7004.read.1.tlog
C:\Users\yukin\Desktop\Nagaoka Yuki\3年\前期\GM31\2017_09_07_GM31_MOTION\Debug\link.7004.write.1.tlog
C:\Users\yukin\Desktop\Nagaoka Yuki\3年\前期\GM31\2017_09_07_GM31_MOTION\Debug\link.7004-cvtres.read.1.tlog
C:\Users\yukin\Desktop\Nagaoka Yuki\3年\前期\GM31\2017_09_07_GM31_MOTION\Debug\link.7004-cvtres.write.1.tlog
C:\Users\yukin\Desktop\Nagaoka Yuki\3年\前期\GM31\2017_09_07_GM31_MOTION\Debug\link.7128.read.1.tlog
C:\Users\yukin\Desktop\Nagaoka Yuki\3年\前期\GM31\2017_09_07_GM31_MOTION\Debug\link.7128.write.1.tlog
C:\Users\yukin\Desktop\Nagaoka Yuki\3年\前期\GM31\2017_09_07_GM31_MOTION\Debug\link.7128-cvtres.read.1.tlog
C:\Users\yukin\Desktop\Nagaoka Yuki\3年\前期\GM31\2017_09_07_GM31_MOTION\Debug\link.7128-cvtres.write.1.tlog
C:\Users\yukin\Desktop\Nagaoka Yuki\3年\前期\GM31\2017_09_07_GM31_MOTION\Debug\link.7196.read.1.tlog
C:\Users\yukin\Desktop\Nagaoka Yuki\3年\前期\GM31\2017_09_07_GM31_MOTION\Debug\link.7196.write.1.tlog
C:\Users\yukin\Desktop\Nagaoka Yuki\3年\前期\GM31\2017_09_07_GM31_MOTION\Debug\link.7196-cvtres.read.1.tlog
C:\Users\yukin\Desktop\Nagaoka Yuki\3年\前期\GM31\2017_09_07_GM31_MOTION\Debug\link.7196-cvtres.write.1.tlog
C:\Users\yukin\Desktop\Nagaoka Yuki\3年\前期\GM31\2017_09_07_GM31_MOTION\Debug\link.7244.read.1.tlog
C:\Users\yukin\Desktop\Nagaoka Yuki\3年\前期\GM31\2017_09_07_GM31_MOTION\Debug\link.7244.write.1.tlog
C:\Users\yukin\Desktop\Nagaoka Yuki\3年\前期\GM31\2017_09_07_GM31_MOTION\Debug\link.7244-cvtres.read.1.tlog
C:\Users\yukin\Desktop\Nagaoka Yuki\3年\前期\GM31\2017_09_07_GM31_MOTION\Debug\link.7244-cvtres.write.1.tlog
C:\Users\yukin\Desktop\Nagaoka Yuki\3年\前期\GM31\2017_09_07_GM31_MOTION\Debug\link.7428.read.1.tlog
C:\Users\yukin\Desktop\Nagaoka Yuki\3年\前期\GM31\2017_09_07_GM31_MOTION\Debug\link.7428.write.1.tlog
C:\Users\yukin\Desktop\Nagaoka Yuki\3年\前期\GM31\2017_09_07_GM31_MOTION\Debug\link.7428-cvtres.read.1.tlog
C:\Users\yukin\Desktop\Nagaoka Yuki\3年\前期\GM31\2017_09_07_GM31_MOTION\Debug\link.7428-cvtres.write.1.tlog
C:\Users\yukin\Desktop\Nagaoka Yuki\3年\前期\GM31\2017_09_07_GM31_MOTION\Debug\link.7496.read.1.tlog
C:\Users\yukin\Desktop\Nagaoka Yuki\3年\前期\GM31\2017_09_07_GM31_MOTION\Debug\link.7496.write.1.tlog
C:\Users\yukin\Desktop\Nagaoka Yuki\3年\前期\GM31\2017_09_07_GM31_MOTION\Debug\link.7496-cvtres.read.1.tlog
C:\Users\yukin\Desktop\Nagaoka Yuki\3年\前期\GM31\2017_09_07_GM31_MOTION\Debug\link.7496-cvtres.write.1.tlog
C:\Users\yukin\Desktop\Nagaoka Yuki\3年\前期\GM31\2017_09_07_GM31_MOTION\Debug\link.7528.read.1.tlog
C:\Users\yukin\Desktop\Nagaoka Yuki\3年\前期\GM31\2017_09_07_GM31_MOTION\Debug\link.7528.write.1.tlog
C:\Users\yukin\Desktop\Nagaoka Yuki\3年\前期\GM31\2017_09_07_GM31_MOTION\Debug\link.7528-cvtres.read.1.tlog
C:\Users\yukin\Desktop\Nagaoka Yuki\3年\前期\GM31\2017_09_07_GM31_MOTION\Debug\link.7528-cvtres.write.1.tlog
C:\Users\yukin\Desktop\Nagaoka Yuki\3年\前期\GM31\2017_09_07_GM31_MOTION\Debug\link.7652.read.1.tlog
C:\Users\yukin\Desktop\Nagaoka Yuki\3年\前期\GM31\2017_09_07_GM31_MOTION\Debug\link.7652.write.1.tlog
C:\Users\yukin\Desktop\Nagaoka Yuki\3年\前期\GM31\2017_09_07_GM31_MOTION\Debug\link.7652-cvtres.read.1.tlog
C:\Users\yukin\Desktop\Nagaoka Yuki\3年\前期\GM31\2017_09_07_GM31_MOTION\Debug\link.7652-cvtres.write.1.tlog
C:\Users\yukin\Desktop\Nagaoka Yuki\3年\前期\GM31\2017_09_07_GM31_MOTION\Debug\link.7684.read.1.tlog
C:\Users\yukin\Desktop\Nagaoka Yuki\3年\前期\GM31\2017_09_07_GM31_MOTION\Debug\link.7684.write.1.tlog
C:\Users\yukin\Desktop\Nagaoka Yuki\3年\前期\GM31\2017_09_07_GM31_MOTION\Debug\link.7684-cvtres.read.1.tlog
C:\Users\yukin\Desktop\Nagaoka Yuki\3年\前期\GM31\2017_09_07_GM31_MOTION\Debug\link.7684-cvtres.write.1.tlog
C:\Users\yukin\Desktop\Nagaoka Yuki\3年\前期\GM31\2017_09_07_GM31_MOTION\Debug\link.7756.read.1.tlog
C:\Users\yukin\Desktop\Nagaoka Yuki\3年\前期\GM31\2017_09_07_GM31_MOTION\Debug\link.7756.write.1.tlog
C:\Users\yukin\Desktop\Nagaoka Yuki\3年\前期\GM31\2017_09_07_GM31_MOTION\Debug\link.7756-cvtres.read.1.tlog
C:\Users\yukin\Desktop\Nagaoka Yuki\3年\前期\GM31\2017_09_07_GM31_MOTION\Debug\link.7756-cvtres.write.1.tlog
C:\Users\yukin\Desktop\Nagaoka Yuki\3年\前期\GM31\2017_09_07_GM31_MOTION\Debug\link.7832.read.1.tlog
C:\Users\yukin\Desktop\Nagaoka Yuki\3年\前期\GM31\2017_09_07_GM31_MOTION\Debug\link.7832.write.1.tlog
C:\Users\yukin\Desktop\Nagaoka Yuki\3年\前期\GM31\2017_09_07_GM31_MOTION\Debug\link.7832-cvtres.read.1.tlog
C:\Users\yukin\Desktop\Nagaoka Yuki\3年\前期\GM31\2017_09_07_GM31_MOTION\Debug\link.7832-cvtres.write.1.tlog
C:\Users\yukin\Desktop\Nagaoka Yuki\3年\前期\GM31\2017_09_07_GM31_MOTION\Debug\link.7856.read.1.tlog
C:\Users\yukin\Desktop\Nagaoka Yuki\3年\前期\GM31\2017_09_07_GM31_MOTION\Debug\link.7856.write.1.tlog
C:\Users\yukin\Desktop\Nagaoka Yuki\3年\前期\GM31\2017_09_07_GM31_MOTION\Debug\link.7856-cvtres.read.1.tlog
C:\Users\yukin\Desktop\Nagaoka Yuki\3年\前期\GM31\2017_09_07_GM31_MOTION\Debug\link.7856-cvtres.write.1.tlog
C:\Users\yukin\Desktop\Nagaoka Yuki\3年\前期\GM31\2017_09_07_GM31_MOTION\Debug\link.7912.read.1.tlog
C:\Users\yukin\Desktop\Nagaoka Yuki\3年\前期\GM31\2017_09_07_GM31_MOTION\Debug\link.7912.write.1.tlog
C:\Users\yukin\Desktop\Nagaoka Yuki\3年\前期\GM31\2017_09_07_GM31_MOTION\Debug\link.7912-cvtres.read.1.tlog
C:\Users\yukin\Desktop\Nagaoka Yuki\3年\前期\GM31\2017_09_07_GM31_MOTION\Debug\link.7912-cvtres.write.1.tlog
C:\Users\yukin\Desktop\Nagaoka Yuki\3年\前期\GM31\2017_09_07_GM31_MOTION\Debug\link.7932.read.1.tlog
C:\Users\yukin\Desktop\Nagaoka Yuki\3年\前期\GM31\2017_09_07_GM31_MOTION\Debug\link.7932.write.1.tlog
C:\Users\yukin\Desktop\Nagaoka Yuki\3年\前期\GM31\2017_09_07_GM31_MOTION\Debug\link.7932-cvtres.read.1.tlog
C:\Users\yukin\Desktop\Nagaoka Yuki\3年\前期\GM31\2017_09_07_GM31_MOTION\Debug\link.7932-cvtres.write.1.tlog
C:\Users\yukin\Desktop\Nagaoka Yuki\3年\前期\GM31\2017_09_07_GM31_MOTION\Debug\link.812.read.1.tlog
C:\Users\yukin\Desktop\Nagaoka Yuki\3年\前期\GM31\2017_09_07_GM31_MOTION\Debug\link.812.write.1.tlog
C:\Users\yukin\Desktop\Nagaoka Yuki\3年\前期\GM31\2017_09_07_GM31_MOTION\Debug\link.8120.read.1.tlog
C:\Users\yukin\Desktop\Nagaoka Yuki\3年\前期\GM31\2017_09_07_GM31_MOTION\Debug\link.8120.write.1.tlog
C:\Users\yukin\Desktop\Nagaoka Yuki\3年\前期\GM31\2017_09_07_GM31_MOTION\Debug\link.8120-cvtres.read.1.tlog
C:\Users\yukin\Desktop\Nagaoka Yuki\3年\前期\GM31\2017_09_07_GM31_MOTION\Debug\link.8120-cvtres.write.1.tlog
C:\Users\yukin\Desktop\Nagaoka Yuki\3年\前期\GM31\2017_09_07_GM31_MOTION\Debug\link.812-cvtres.read.1.tlog
C:\Users\yukin\Desktop\Nagaoka Yuki\3年\前期\GM31\2017_09_07_GM31_MOTION\Debug\link.812-cvtres.write.1.tlog
C:\Users\yukin\Desktop\Nagaoka Yuki\3年\前期\GM31\2017_09_07_GM31_MOTION\Debug\link.8448.read.1.tlog
C:\Users\yukin\Desktop\Nagaoka Yuki\3年\前期\GM31\2017_09_07_GM31_MOTION\Debug\link.8448.write.1.tlog
C:\Users\yukin\Desktop\Nagaoka Yuki\3年\前期\GM31\2017_09_07_GM31_MOTION\Debug\link.8448-cvtres.read.1.tlog
C:\Users\yukin\Desktop\Nagaoka Yuki\3年\前期\GM31\2017_09_07_GM31_MOTION\Debug\link.8448-cvtres.write.1.tlog
C:\Users\yukin\Desktop\Nagaoka Yuki\3年\前期\GM31\2017_09_07_GM31_MOTION\Debug\link.8992.read.1.tlog
C:\Users\yukin\Desktop\Nagaoka Yuki\3年\前期\GM31\2017_09_07_GM31_MOTION\Debug\link.8992.write.1.tlog
C:\Users\yukin\Desktop\Nagaoka Yuki\3年\前期\GM31\2017_09_07_GM31_MOTION\Debug\link.8992-cvtres.read.1.tlog
C:\Users\yukin\Desktop\Nagaoka Yuki\3年\前期\GM31\2017_09_07_GM31_MOTION\Debug\link.8992-cvtres.write.1.tlog
C:\Users\yukin\Desktop\Nagaoka Yuki\3年\前期\GM31\2017_09_07_GM31_MOTION\Debug\link.9460.read.1.tlog
C:\Users\yukin\Desktop\Nagaoka Yuki\3年\前期\GM31\2017_09_07_GM31_MOTION\Debug\link.9460.write.1.tlog
C:\Users\yukin\Desktop\Nagaoka Yuki\3年\前期\GM31\2017_09_07_GM31_MOTION\Debug\link.9460-cvtres.read.1.tlog
C:\Users\yukin\Desktop\Nagaoka Yuki\3年\前期\GM31\2017_09_07_GM31_MOTION\Debug\link.9460-cvtres.write.1.tlog
C:\Users\yukin\Desktop\Nagaoka Yuki\3年\前期\GM31\2017_09_07_GM31_MOTION\Debug\link.9584.read.1.tlog
C:\Users\yukin\Desktop\Nagaoka Yuki\3年\前期\GM31\2017_09_07_GM31_MOTION\Debug\link.9584.write.1.tlog
C:\Users\yukin\Desktop\Nagaoka Yuki\3年\前期\GM31\2017_09_07_GM31_MOTION\Debug\link.9584-cvtres.read.1.tlog
C:\Users\yukin\Desktop\Nagaoka Yuki\3年\前期\GM31\2017_09_07_GM31_MOTION\Debug\link.9584-cvtres.write.1.tlog
C:\Users\yukin\Desktop\Nagaoka Yuki\3年\前期\GM31\2017_09_07_GM31_MOTION\Debug\link.984.read.1.tlog
C:\Users\yukin\Desktop\Nagaoka Yuki\3年\前期\GM31\2017_09_07_GM31_MOTION\Debug\link.984.write.1.tlog
C:\Users\yukin\Desktop\Nagaoka Yuki\3年\前期\GM31\2017_09_07_GM31_MOTION\Debug\link.984-cvtres.read.1.tlog
C:\Users\yukin\Desktop\Nagaoka Yuki\3年\前期\GM31\2017_09_07_GM31_MOTION\Debug\link.984-cvtres.write.1.tlog
C:\Users\yukin\Desktop\Nagaoka Yuki\3年\前期\GM31\2017_09_07_GM31_MOTION\Debug\link.9852.read.1.tlog
C:\Users\yukin\Desktop\Nagaoka Yuki\3年\前期\GM31\2017_09_07_GM31_MOTION\Debug\link.9852.write.1.tlog
C:\Users\yukin\Desktop\Nagaoka Yuki\3年\前期\GM31\2017_09_07_GM31_MOTION\Debug\link.9852-cvtres.read.1.tlog
C:\Users\yukin\Desktop\Nagaoka Yuki\3年\前期\GM31\2017_09_07_GM31_MOTION\Debug\link.9852-cvtres.write.1.tlog
C:\Users\yukin\Desktop\Nagaoka Yuki\3年\前期\GM31\2017_09_07_GM31_MOTION\Debug\link.9868.read.1.tlog
C:\Users\yukin\Desktop\Nagaoka Yuki\3年\前期\GM31\2017_09_07_GM31_MOTION\Debug\link.9868.write.1.tlog
C:\Users\yukin\Desktop\Nagaoka Yuki\3年\前期\GM31\2017_09_07_GM31_MOTION\Debug\link.9868-cvtres.read.1.tlog
C:\Users\yukin\Desktop\Nagaoka Yuki\3年\前期\GM31\2017_09_07_GM31_MOTION\Debug\link.9868-cvtres.write.1.tlog
C:\Users\yukin\Desktop\Nagaoka Yuki\3年\前期\GM31\2017_09_07_GM31_MOTION\Debug\link.command.1.tlog
C:\Users\yukin\Desktop\Nagaoka Yuki\3年\前期\GM31\2017_09_07_GM31_MOTION\Debug\link.read.1.tlog
C:\Users\yukin\Desktop\Nagaoka Yuki\3年\前期\GM31\2017_09_07_GM31_MOTION\Debug\link.write.1.tlog
C:\Users\yukin\Desktop\Nagaoka Yuki\3年\前期\GM31\2017_09_07_GM31_MOTION\Debug\link-cvtres.read.1.tlog
C:\Users\yukin\Desktop\Nagaoka Yuki\3年\前期\GM31\2017_09_07_GM31_MOTION\Debug\link-cvtres.write.1.tlog
C:\USERS\YUKIN\DESKTOP\NAGAOKA YUKI\3年\前期\GM31\2017_09_07_GM31_MOTION\DEBUG\MAIN.OBJ
C:\USERS\YUKIN\DESKTOP\NAGAOKA YUKI\3年\前期\GM31\2017_09_07_GM31_MOTION\DEBUG\MANAGER.OBJ
C:\USERS\YUKIN\DESKTOP\NAGAOKA YUKI\3年\前期\GM31\2017_09_07_GM31_MOTION\DEBUG\MESHFIELD.OBJ
C:\USERS\YUKIN\DESKTOP\NAGAOKA YUKI\3年\前期\GM31\2017_09_07_GM31_MOTION\DEBUG\MESHSKYDOME.OBJ
C:\USERS\YUKIN\DESKTOP\NAGAOKA YUKI\3年\前期\GM31\2017_09_07_GM31_MOTION\DEBUG\MESHWALL.OBJ
C:\USERS\YUKIN\DESKTOP\NAGAOKA YUKI\3年\前期\GM31\2017_09_07_GM31_MOTION\DEBUG\MODEGAME.OBJ
C:\USERS\YUKIN\DESKTOP\NAGAOKA YUKI\3年\前期\GM31\2017_09_07_GM31_MOTION\DEBUG\MODEL.OBJ
C:\USERS\YUKIN\DESKTOP\NAGAOKA YUKI\3年\前期\GM31\2017_09_07_GM31_MOTION\DEBUG\MODERESULT.OBJ
C:\USERS\YUKIN\DESKTOP\NAGAOKA YUKI\3年\前期\GM31\2017_09_07_GM31_MOTION\DEBUG\MODETITLE.OBJ
C:\Users\yukin\Desktop\Nagaoka Yuki\3年\前期\GM31\2017_09_07_GM31_MOTION\Debug\mt.command.1.tlog
C:\Users\yukin\Desktop\Nagaoka Yuki\3年\前期\GM31\2017_09_07_GM31_MOTION\Debug\mt.read.1.tlog
C:\Users\yukin\Desktop\Nagaoka Yuki\3年\前期\GM31\2017_09_07_GM31_MOTION\Debug\mt.write.1.tlog
C:\USERS\YUKIN\DESKTOP\NAGAOKA YUKI\3年\前期\GM31\2017_09_07_GM31_MOTION\DEBUG\NUMBER.OBJ
C:\USERS\YUKIN\DESKTOP\NAGAOKA YUKI\3年\前期\GM31\2017_09_07_GM31_MOTION\DEBUG\PARTICLE.OBJ
C:\USERS\YUKIN\DESKTOP\NAGAOKA YUKI\3年\前期\GM31\2017_09_07_GM31_MOTION\DEBUG\PARTICLEBULLET.OBJ
C:\USERS\YUKIN\DESKTOP\NAGAOKA YUKI\3年\前期\GM31\2017_09_07_GM31_MOTION\DEBUG\POLYGON2D.OBJ
C:\USERS\YUKIN\DESKTOP\NAGAOKA YUKI\3年\前期\GM31\2017_09_07_GM31_MOTION\DEBUG\POLYGON3D.OBJ
C:\USERS\YUKIN\DESKTOP\NAGAOKA YUKI\3年\前期\GM31\2017_09_07_GM31_MOTION\DEBUG\POSITION.OBJ
C:\Users\yukin\Desktop\Nagaoka Yuki\3年\前期\GM31\2017_09_07_GM31_MOTION\Debug\rc.command.1.tlog
C:\Users\yukin\Desktop\Nagaoka Yuki\3年\前期\GM31\2017_09_07_GM31_MOTION\Debug\rc.read.1.tlog
C:\Users\yukin\Desktop\Nagaoka Yuki\3年\前期\GM31\2017_09_07_GM31_MOTION\Debug\rc.write.1.tlog
C:\USERS\YUKIN\DESKTOP\NAGAOKA YUKI\3年\前期\GM31\2017_09_07_GM31_MOTION\DEBUG\RENDERER.OBJ
C:\USERS\YUKIN\DESKTOP\NAGAOKA YUKI\3年\前期\GM31\2017_09_07_GM31_MOTION\DEBUG\RETICLE.OBJ
C:\Users\yukin\Desktop\Nagaoka Yuki\3年\前期\GM31\2017_09_07_GM31_MOTION\Debug\sample.vcxprojResolveAssemblyReference.cache
C:\Users\yukin\Desktop\Nagaoka Yuki\3年\前期\GM31\2017_09_07_GM31_MOTION\Debug\sample.write.1.tlog
C:\Users\yukin\Desktop\Nagaoka Yuki\3年\前期\GM31\2017_09_07_GM31_MOTION\Debug\sampleDebug.exe.embed.manifest
C:\USERS\YUKIN\DESKTOP\NAGAOKA YUKI\3年\前期\GM31\2017_09_07_GM31_MOTION\DEBUG\SAMPLEDEBUG.EXE.EMBED.MANIFEST.RES
C:\USERS\YUKIN\DESKTOP\NAGAOKA YUKI\3年\前期\GM31\2017_09_07_GM31_MOTION\DEBUG\SAMPLEDEBUG.EXE.INTERMEDIATE.MANIFEST
C:\Users\yukin\Desktop\Nagaoka Yuki\3年\前期\GM31\2017_09_07_GM31_MOTION\Debug\sampleDebug_manifest.rc
C:\USERS\YUKIN\DESKTOP\NAGAOKA YUKI\3年\前期\GM31\2017_09_07_GM31_MOTION\DEBUG\SCENE.OBJ
C:\USERS\YUKIN\DESKTOP\NAGAOKA YUKI\3年\前期\GM31\2017_09_07_GM31_MOTION\DEBUG\SCENE2D.OBJ
C:\USERS\YUKIN\DESKTOP\NAGAOKA YUKI\3年\前期\GM31\2017_09_07_GM31_MOTION\DEBUG\SCENE3D.OBJ
C:\USERS\YUKIN\DESKTOP\NAGAOKA YUKI\3年\前期\GM31\2017_09_07_GM31_MOTION\DEBUG\SCORE.OBJ
C:\USERS\YUKIN\DESKTOP\NAGAOKA YUKI\3年\前期\GM31\2017_09_07_GM31_MOTION\DEBUG\SOUND.OBJ
C:\Users\yukin\Desktop\Nagaoka Yuki\3年\前期\GM31\2017_09_07_GM31_MOTION\Debug\vc100.idb
C:\USERS\YUKIN\DESKTOP\NAGAOKA YUKI\3年\前期\GM31\2017_09_07_GM31_MOTION\DEBUG\VC100.PDB
C:\USERS\YUKIN\DESKTOP\NAGAOKA YUKI\3年\前期\GM31\2017_09_07_GM31_MOTION\SAMPLEDEBUG.EXE
C:\USERS\YUKIN\DESKTOP\NAGAOKA YUKI\3年\前期\GM31\2017_09_07_GM31_MOTION\SAMPLEDEBUG.ILK
C:\USERS\YUKIN\DESKTOP\NAGAOKA YUKI\3年\前期\GM31\2017_09_07_GM31_MOTION\SAMPLEDEBUG.PDB
